TN:
SF:src/app.module.ts
FNF:0
FNH:0
DA:1,0
DA:2,0
DA:3,0
DA:4,0
DA:5,0
DA:6,0
DA:7,0
DA:8,0
DA:9,0
DA:10,0
DA:11,0
DA:12,0
DA:13,0
DA:14,0
DA:15,0
DA:16,0
DA:17,0
DA:18,0
DA:19,0
DA:20,0
DA:21,0
DA:22,0
DA:23,0
DA:26,0
DA:27,0
DA:28,0
DA:64,0
LF:27
LH:0
BRF:0
BRH:0
end_of_record
TN:
SF:src/health.controller.ts
FN:9,(anonymous_2)
FNF:1
FNH:0
FNDA:0,(anonymous_2)
DA:1,0
DA:2,0
DA:6,0
DA:9,0
DA:10,0
LF:5
LH:0
BRF:0
BRH:0
end_of_record
TN:
SF:src/main.ts
FN:7,bootstrap
FN:10,(anonymous_1)
FNF:2
FNH:0
FNDA:0,bootstrap
FNDA:0,(anonymous_1)
DA:1,0
DA:2,0
DA:4,0
DA:5,0
DA:10,0
DA:11,0
DA:14,0
DA:19,0
DA:20,0
DA:23,0
DA:26,0
DA:29,0
DA:40,0
DA:49,0
DA:78,0
DA:79,0
DA:80,0
DA:81,0
DA:84,0
LF:19
LH:0
BRDA:78,0,0,0
BRDA:78,0,1,0
BRF:2
BRH:0
end_of_record
TN:
SF:src/agent-metrics/agent-metrics.controller.ts
FN:47,(anonymous_4)
FN:93,(anonymous_5)
FN:105,(anonymous_6)
FN:147,(anonymous_7)
FN:193,(anonymous_8)
FN:239,(anonymous_9)
FN:249,(anonymous_10)
FN:275,(anonymous_11)
FN:296,(anonymous_12)
FN:334,(anonymous_13)
FN:426,(anonymous_14)
FN:508,(anonymous_15)
FNF:12
FNH:0
FNDA:0,(anonymous_4)
FNDA:0,(anonymous_5)
FNDA:0,(anonymous_6)
FNDA:0,(anonymous_7)
FNDA:0,(anonymous_8)
FNDA:0,(anonymous_9)
FNDA:0,(anonymous_10)
FNDA:0,(anonymous_11)
FNDA:0,(anonymous_12)
FNDA:0,(anonymous_13)
FNDA:0,(anonymous_14)
FNDA:0,(anonymous_15)
DA:1,0
DA:10,0
DA:17,0
DA:18,0
DA:19,0
DA:20,0
DA:21,0
DA:44,0
DA:45,0
DA:47,0
DA:93,0
DA:101,0
DA:103,0
DA:105,0
DA:112,0
DA:147,0
DA:154,0
DA:156,0
DA:164,0
DA:193,0
DA:198,0
DA:200,0
DA:206,0
DA:239,0
DA:245,0
DA:247,0
DA:249,0
DA:254,0
DA:275,0
DA:279,0
DA:283,0
DA:292,0
DA:293,0
DA:296,0
DA:298,0
DA:299,0
DA:306,0
DA:313,0
DA:334,0
DA:338,0
DA:342,0
DA:426,0
DA:438,0
DA:440,0
DA:461,0
DA:508,0
DA:516,0
DA:518,0
LF:48
LH:0
BRDA:106,0,0,0
BRDA:106,0,1,0
BRDA:107,1,0,0
BRDA:107,1,1,0
BRDA:159,2,0,0
BRDA:159,2,1,0
BRDA:160,3,0,0
BRDA:160,3,1,0
BRDA:161,4,0,0
BRDA:161,4,1,0
BRDA:250,5,0,0
BRDA:250,5,1,0
BRDA:251,6,0,0
BRDA:251,6,1,0
BRDA:292,7,0,0
BRDA:298,8,0,0
BRDA:310,9,0,0
BRDA:310,9,1,0
BRDA:447,10,0,0
BRDA:447,10,1,0
BRDA:450,11,0,0
BRDA:450,11,1,0
BRDA:453,12,0,0
BRDA:453,12,1,0
BRDA:456,13,0,0
BRDA:456,13,1,0
BRF:26
BRH:0
end_of_record
TN:
SF:src/agent-metrics/agent-metrics.module.ts
FNF:0
FNH:0
DA:1,0
DA:2,0
DA:3,0
DA:4,0
DA:12,0
LF:5
LH:0
BRF:0
BRH:0
end_of_record
TN:
SF:src/agent-metrics/agent-metrics.service.ts
FN:42,(anonymous_2)
FN:47,(anonymous_3)
FN:129,(anonymous_4)
FN:153,(anonymous_5)
FN:209,(anonymous_6)
FN:214,(anonymous_7)
FN:217,(anonymous_8)
FN:219,(anonymous_9)
FN:225,(anonymous_10)
FN:229,(anonymous_11)
FN:238,(anonymous_12)
FN:240,(anonymous_13)
FN:259,(anonymous_14)
FN:290,(anonymous_15)
FN:295,(anonymous_16)
FN:299,(anonymous_17)
FN:312,(anonymous_18)
FN:330,(anonymous_19)
FN:338,(anonymous_20)
FN:344,(anonymous_21)
FN:368,(anonymous_22)
FN:413,(anonymous_23)
FN:422,(anonymous_24)
FN:465,(anonymous_25)
FN:503,(anonymous_26)
FN:519,(anonymous_27)
FN:528,(anonymous_28)
FN:543,(anonymous_29)
FN:562,(anonymous_30)
FN:609,(anonymous_31)
FN:622,(anonymous_32)
FN:650,(anonymous_33)
FN:699,(anonymous_34)
FN:701,(anonymous_35)
FN:705,(anonymous_36)
FN:708,(anonymous_37)
FN:720,(anonymous_38)
FN:721,(anonymous_39)
FN:722,(anonymous_40)
FN:723,(anonymous_41)
FN:727,(anonymous_42)
FN:728,(anonymous_43)
FN:742,(anonymous_44)
FN:747,(anonymous_45)
FN:748,(anonymous_46)
FN:749,(anonymous_47)
FN:776,(anonymous_48)
FN:789,(anonymous_49)
FN:800,(anonymous_50)
FN:811,(anonymous_51)
FN:825,(anonymous_52)
FN:951,(anonymous_53)
FN:1043,(anonymous_54)
FN:1044,(anonymous_55)
FN:1045,(anonymous_56)
FN:1048,(anonymous_57)
FN:1049,(anonymous_58)
FN:1050,(anonymous_59)
FN:1051,(anonymous_60)
FN:1052,(anonymous_61)
FN:1053,(anonymous_62)
FN:1057,(anonymous_63)
FN:1058,(anonymous_64)
FN:1059,(anonymous_65)
FN:1060,(anonymous_66)
FN:1062,(anonymous_67)
FN:1068,(anonymous_68)
FN:1071,(anonymous_69)
FN:1073,(anonymous_70)
FN:1077,(anonymous_71)
FN:1082,(anonymous_72)
FN:1148,(anonymous_73)
FN:1159,(anonymous_74)
FN:1170,(anonymous_75)
FN:1181,(anonymous_76)
FN:1194,(anonymous_77)
FN:1206,(anonymous_78)
FN:1207,(anonymous_79)
FN:1221,(anonymous_80)
FN:1238,(anonymous_81)
FN:1249,(anonymous_82)
FN:1278,(anonymous_83)
FN:1279,(anonymous_84)
FN:1300,(anonymous_85)
FN:1324,(anonymous_86)
FN:1332,(anonymous_87)
FNF:86
FNH:0
FNDA:0,(anonymous_2)
FNDA:0,(anonymous_3)
FNDA:0,(anonymous_4)
FNDA:0,(anonymous_5)
FNDA:0,(anonymous_6)
FNDA:0,(anonymous_7)
FNDA:0,(anonymous_8)
FNDA:0,(anonymous_9)
FNDA:0,(anonymous_10)
FNDA:0,(anonymous_11)
FNDA:0,(anonymous_12)
FNDA:0,(anonymous_13)
FNDA:0,(anonymous_14)
FNDA:0,(anonymous_15)
FNDA:0,(anonymous_16)
FNDA:0,(anonymous_17)
FNDA:0,(anonymous_18)
FNDA:0,(anonymous_19)
FNDA:0,(anonymous_20)
FNDA:0,(anonymous_21)
FNDA:0,(anonymous_22)
FNDA:0,(anonymous_23)
FNDA:0,(anonymous_24)
FNDA:0,(anonymous_25)
FNDA:0,(anonymous_26)
FNDA:0,(anonymous_27)
FNDA:0,(anonymous_28)
FNDA:0,(anonymous_29)
FNDA:0,(anonymous_30)
FNDA:0,(anonymous_31)
FNDA:0,(anonymous_32)
FNDA:0,(anonymous_33)
FNDA:0,(anonymous_34)
FNDA:0,(anonymous_35)
FNDA:0,(anonymous_36)
FNDA:0,(anonymous_37)
FNDA:0,(anonymous_38)
FNDA:0,(anonymous_39)
FNDA:0,(anonymous_40)
FNDA:0,(anonymous_41)
FNDA:0,(anonymous_42)
FNDA:0,(anonymous_43)
FNDA:0,(anonymous_44)
FNDA:0,(anonymous_45)
FNDA:0,(anonymous_46)
FNDA:0,(anonymous_47)
FNDA:0,(anonymous_48)
FNDA:0,(anonymous_49)
FNDA:0,(anonymous_50)
FNDA:0,(anonymous_51)
FNDA:0,(anonymous_52)
FNDA:0,(anonymous_53)
FNDA:0,(anonymous_54)
FNDA:0,(anonymous_55)
FNDA:0,(anonymous_56)
FNDA:0,(anonymous_57)
FNDA:0,(anonymous_58)
FNDA:0,(anonymous_59)
FNDA:0,(anonymous_60)
FNDA:0,(anonymous_61)
FNDA:0,(anonymous_62)
FNDA:0,(anonymous_63)
FNDA:0,(anonymous_64)
FNDA:0,(anonymous_65)
FNDA:0,(anonymous_66)
FNDA:0,(anonymous_67)
FNDA:0,(anonymous_68)
FNDA:0,(anonymous_69)
FNDA:0,(anonymous_70)
FNDA:0,(anonymous_71)
FNDA:0,(anonymous_72)
FNDA:0,(anonymous_73)
FNDA:0,(anonymous_74)
FNDA:0,(anonymous_75)
FNDA:0,(anonymous_76)
FNDA:0,(anonymous_77)
FNDA:0,(anonymous_78)
FNDA:0,(anonymous_79)
FNDA:0,(anonymous_80)
FNDA:0,(anonymous_81)
FNDA:0,(anonymous_82)
FNDA:0,(anonymous_83)
FNDA:0,(anonymous_84)
FNDA:0,(anonymous_85)
FNDA:0,(anonymous_86)
FNDA:0,(anonymous_87)
DA:1,0
DA:2,0
DA:3,0
DA:38,0
DA:39,0
DA:40,0
DA:42,0
DA:50,0
DA:55,0
DA:59,0
DA:60,0
DA:64,0
DA:71,0
DA:74,0
DA:76,0
DA:77,0
DA:84,0
DA:89,0
DA:100,0
DA:109,0
DA:111,0
DA:137,0
DA:153,0
DA:155,0
DA:156,0
DA:170,0
DA:173,0
DA:176,0
DA:185,0
DA:191,0
DA:193,0
DA:210,0
DA:211,0
DA:214,0
DA:217,0
DA:218,0
DA:219,0
DA:222,0
DA:225,0
DA:229,0
DA:233,0
DA:238,0
DA:239,0
DA:240,0
DA:244,0
DA:246,0
DA:267,0
DA:287,0
DA:290,0
DA:294,0
DA:295,0
DA:298,0
DA:300,0
DA:304,0
DA:308,0
DA:311,0
DA:313,0
DA:317,0
DA:334,0
DA:335,0
DA:337,0
DA:338,0
DA:342,0
DA:344,0
DA:346,0
DA:348,0
DA:349,0
DA:352,0
DA:353,0
DA:355,0
DA:369,0
DA:371,0
DA:372,0
DA:374,0
DA:375,0
DA:386,0
DA:387,0
DA:388,0
DA:390,0
DA:391,0
DA:393,0
DA:394,0
DA:396,0
DA:397,0
DA:402,0
DA:403,0
DA:404,0
DA:407,0
DA:416,0
DA:425,0
DA:426,0
DA:427,0
DA:428,0
DA:430,0
DA:431,0
DA:432,0
DA:433,0
DA:434,0
DA:435,0
DA:438,0
DA:439,0
DA:440,0
DA:444,0
DA:445,0
DA:451,0
DA:452,0
DA:453,0
DA:455,0
DA:470,0
DA:471,0
DA:473,0
DA:475,0
DA:476,0
DA:478,0
DA:479,0
DA:481,0
DA:482,0
DA:484,0
DA:485,0
DA:487,0
DA:488,0
DA:489,0
DA:491,0
DA:493,0
DA:494,0
DA:497,0
DA:504,0
DA:506,0
DA:508,0
DA:510,0
DA:512,0
DA:520,0
DA:521,0
DA:522,0
DA:537,0
DA:552,0
DA:566,0
DA:568,0
DA:569,0
DA:572,0
DA:575,0
DA:579,0
DA:585,0
DA:587,0
DA:590,0
DA:596,0
DA:597,0
DA:603,0
DA:612,0
DA:616,0
DA:625,0
DA:628,0
DA:645,0
DA:646,0
DA:650,0
DA:652,0
DA:656,0
DA:658,0
DA:677,0
DA:699,0
DA:700,0
DA:701,0
DA:704,0
DA:705,0
DA:708,0
DA:710,0
DA:720,0
DA:721,0
DA:722,0
DA:723,0
DA:727,0
DA:728,0
DA:741,0
DA:742,0
DA:747,0
DA:748,0
DA:749,0
DA:753,0
DA:779,0
DA:785,0
DA:790,0
DA:801,0
DA:812,0
DA:828,0
DA:830,0
DA:834,0
DA:835,0
DA:839,0
DA:846,0
DA:851,0
DA:852,0
DA:856,0
DA:858,0
DA:859,0
DA:860,0
DA:862,0
DA:863,0
DA:868,0
DA:869,0
DA:871,0
DA:872,0
DA:880,0
DA:903,0
DA:906,0
DA:912,0
DA:914,0
DA:915,0
DA:917,0
DA:918,0
DA:920,0
DA:921,0
DA:923,0
DA:924,0
DA:928,0
DA:930,0
DA:959,0
DA:978,0
DA:979,0
DA:981,0
DA:982,0
DA:986,0
DA:1006,0
DA:1007,0
DA:1008,0
DA:1012,0
DA:1013,0
DA:1017,0
DA:1018,0
DA:1024,0
DA:1028,0
DA:1044,0
DA:1045,0
DA:1048,0
DA:1049,0
DA:1050,0
DA:1051,0
DA:1052,0
DA:1053,0
DA:1054,0
DA:1057,0
DA:1058,0
DA:1059,0
DA:1060,0
DA:1061,0
DA:1062,0
DA:1067,0
DA:1068,0
DA:1071,0
DA:1072,0
DA:1073,0
DA:1076,0
DA:1077,0
DA:1082,0
DA:1083,0
DA:1084,0
DA:1087,0
DA:1088,0
DA:1089,0
DA:1090,0
DA:1091,0
DA:1092,0
DA:1093,0
DA:1096,0
DA:1097,0
DA:1098,0
DA:1099,0
DA:1101,0
DA:1149,0
DA:1151,0
DA:1152,0
DA:1153,0
DA:1154,0
DA:1156,0
DA:1159,0
DA:1171,0
DA:1173,0
DA:1174,0
DA:1175,0
DA:1176,0
DA:1178,0
DA:1181,0
DA:1195,0
DA:1197,0
DA:1198,0
DA:1199,0
DA:1200,0
DA:1201,0
DA:1203,0
DA:1206,0
DA:1207,0
DA:1208,0
DA:1222,0
DA:1224,0
DA:1225,0
DA:1226,0
DA:1227,0
DA:1228,0
DA:1231,0
DA:1238,0
DA:1255,0
DA:1257,0
DA:1258,0
DA:1259,0
DA:1260,0
DA:1262,0
DA:1266,0
DA:1267,0
DA:1268,0
DA:1270,0
DA:1271,0
DA:1272,0
DA:1273,0
DA:1274,0
DA:1278,0
DA:1279,0
DA:1281,0
DA:1304,0
DA:1305,0
DA:1308,0
DA:1309,0
DA:1310,0
DA:1313,0
DA:1314,0
DA:1315,0
DA:1316,0
DA:1318,0
DA:1325,0
DA:1326,0
DA:1337,0
DA:1338,0
DA:1340,0
DA:1342,0
DA:1343,0
DA:1345,0
DA:1346,0
DA:1348,0
DA:1349,0
DA:1351,0
DA:1352,0
DA:1354,0
DA:1356,0
DA:1359,0
LF:342
LH:0
BRDA:59,0,0,0
BRDA:89,1,0,0
BRDA:89,1,1,0
BRDA:143,2,0,0
BRDA:143,2,1,0
BRDA:155,3,0,0
BRDA:170,4,0,0
BRDA:170,4,1,0
BRDA:214,5,0,0
BRDA:214,5,1,0
BRDA:222,6,0,0
BRDA:222,6,1,0
BRDA:225,7,0,0
BRDA:225,7,1,0
BRDA:229,8,0,0
BRDA:229,8,1,0
BRDA:238,9,0,0
BRDA:238,9,1,0
BRDA:240,10,0,0
BRDA:240,10,1,0
BRDA:244,11,0,0
BRDA:244,11,1,0
BRDA:272,12,0,0
BRDA:272,12,1,0
BRDA:290,13,0,0
BRDA:290,13,1,0
BRDA:290,14,0,0
BRDA:290,14,1,0
BRDA:295,15,0,0
BRDA:295,15,1,0
BRDA:300,16,0,0
BRDA:300,16,1,0
BRDA:300,17,0,0
BRDA:300,17,1,0
BRDA:304,18,0,0
BRDA:304,18,1,0
BRDA:313,19,0,0
BRDA:313,19,1,0
BRDA:313,20,0,0
BRDA:313,20,1,0
BRDA:338,21,0,0
BRDA:338,21,1,0
BRDA:338,22,0,0
BRDA:338,22,1,0
BRDA:342,23,0,0
BRDA:342,23,1,0
BRDA:346,24,0,0
BRDA:346,24,1,0
BRDA:372,25,0,0
BRDA:374,26,0,0
BRDA:389,27,0,0
BRDA:389,27,1,0
BRDA:389,28,0,0
BRDA:389,28,1,0
BRDA:390,29,0,0
BRDA:390,29,1,0
BRDA:391,30,0,0
BRDA:391,30,1,0
BRDA:393,31,0,0
BRDA:396,32,0,0
BRDA:433,33,0,0
BRDA:438,34,0,0
BRDA:438,35,0,0
BRDA:438,35,1,0
BRDA:444,36,0,0
BRDA:451,37,0,0
BRDA:451,37,1,0
BRDA:452,38,0,0
BRDA:452,38,1,0
BRDA:453,39,0,0
BRDA:453,39,1,0
BRDA:473,40,0,0
BRDA:473,40,1,0
BRDA:473,40,2,0
BRDA:473,40,3,0
BRDA:473,40,4,0
BRDA:473,40,5,0
BRDA:487,41,0,0
BRDA:487,42,0,0
BRDA:487,42,1,0
BRDA:504,43,0,0
BRDA:504,43,1,0
BRDA:504,43,2,0
BRDA:504,43,3,0
BRDA:520,44,0,0
BRDA:521,45,0,0
BRDA:568,46,0,0
BRDA:572,47,0,0
BRDA:585,48,0,0
BRDA:596,49,0,0
BRDA:596,50,0,0
BRDA:596,50,1,0
BRDA:635,51,0,0
BRDA:635,51,1,0
BRDA:645,52,0,0
BRDA:652,53,0,0
BRDA:652,53,1,0
BRDA:652,54,0,0
BRDA:652,54,1,0
BRDA:656,55,0,0
BRDA:656,55,1,0
BRDA:660,56,0,0
BRDA:660,56,1,0
BRDA:664,57,0,0
BRDA:664,57,1,0
BRDA:664,58,0,0
BRDA:664,58,1,0
BRDA:668,59,0,0
BRDA:668,59,1,0
BRDA:672,60,0,0
BRDA:672,60,1,0
BRDA:679,61,0,0
BRDA:679,61,1,0
BRDA:680,62,0,0
BRDA:680,62,1,0
BRDA:682,63,0,0
BRDA:682,63,1,0
BRDA:683,64,0,0
BRDA:683,64,1,0
BRDA:685,65,0,0
BRDA:685,65,1,0
BRDA:686,66,0,0
BRDA:686,66,1,0
BRDA:687,67,0,0
BRDA:687,67,1,0
BRDA:687,68,0,0
BRDA:687,68,1,0
BRDA:688,69,0,0
BRDA:688,69,1,0
BRDA:690,70,0,0
BRDA:690,70,1,0
BRDA:701,71,0,0
BRDA:701,71,1,0
BRDA:715,72,0,0
BRDA:715,72,1,0
BRDA:732,73,0,0
BRDA:732,73,1,0
BRDA:733,74,0,0
BRDA:733,74,1,0
BRDA:734,75,0,0
BRDA:734,75,1,0
BRDA:735,76,0,0
BRDA:735,76,1,0
BRDA:741,77,0,0
BRDA:741,77,1,0
BRDA:747,78,0,0
BRDA:747,78,1,0
BRDA:747,79,0,0
BRDA:747,79,1,0
BRDA:748,80,0,0
BRDA:748,80,1,0
BRDA:748,81,0,0
BRDA:748,81,1,0
BRDA:749,82,0,0
BRDA:749,82,1,0
BRDA:759,83,0,0
BRDA:759,83,1,0
BRDA:834,84,0,0
BRDA:840,85,0,0
BRDA:840,85,1,0
BRDA:851,86,0,0
BRDA:856,87,0,0
BRDA:856,88,0,0
BRDA:856,88,1,0
BRDA:856,88,2,0
BRDA:856,88,3,0
BRDA:859,89,0,0
BRDA:862,90,0,0
BRDA:868,91,0,0
BRDA:871,92,0,0
BRDA:906,93,0,0
BRDA:906,93,1,0
BRDA:912,94,0,0
BRDA:912,94,1,0
BRDA:912,94,2,0
BRDA:912,94,3,0
BRDA:981,95,0,0
BRDA:981,96,0,0
BRDA:981,96,1,0
BRDA:1007,97,0,0
BRDA:1012,98,0,0
BRDA:1017,99,0,0
BRDA:1024,100,0,0
BRDA:1024,100,1,0
BRDA:1024,101,0,0
BRDA:1024,101,1,0
BRDA:1048,102,0,0
BRDA:1048,102,1,0
BRDA:1049,103,0,0
BRDA:1049,103,1,0
BRDA:1050,104,0,0
BRDA:1050,104,1,0
BRDA:1051,105,0,0
BRDA:1051,105,1,0
BRDA:1052,106,0,0
BRDA:1052,106,1,0
BRDA:1053,107,0,0
BRDA:1053,107,1,0
BRDA:1054,108,0,0
BRDA:1054,108,1,0
BRDA:1057,109,0,0
BRDA:1057,109,1,0
BRDA:1058,110,0,0
BRDA:1058,110,1,0
BRDA:1059,111,0,0
BRDA:1059,111,1,0
BRDA:1060,112,0,0
BRDA:1060,112,1,0
BRDA:1062,113,0,0
BRDA:1062,113,1,0
BRDA:1068,114,0,0
BRDA:1068,114,1,0
BRDA:1071,115,0,0
BRDA:1071,115,1,0
BRDA:1073,116,0,0
BRDA:1073,116,1,0
BRDA:1077,117,0,0
BRDA:1077,117,1,0
BRDA:1082,118,0,0
BRDA:1082,118,1,0
BRDA:1083,119,0,0
BRDA:1083,119,1,0
BRDA:1087,120,0,0
BRDA:1087,120,1,0
BRDA:1088,121,0,0
BRDA:1088,121,1,0
BRDA:1089,122,0,0
BRDA:1089,122,1,0
BRDA:1096,123,0,0
BRDA:1096,123,1,0
BRDA:1097,124,0,0
BRDA:1097,124,1,0
BRDA:1137,125,0,0
BRDA:1137,125,1,0
BRDA:1153,126,0,0
BRDA:1161,127,0,0
BRDA:1161,127,1,0
BRDA:1174,128,0,0
BRDA:1175,129,0,0
BRDA:1183,130,0,0
BRDA:1183,130,1,0
BRDA:1184,131,0,0
BRDA:1184,131,1,0
BRDA:1185,132,0,0
BRDA:1185,132,1,0
BRDA:1186,133,0,0
BRDA:1186,133,1,0
BRDA:1199,134,0,0
BRDA:1200,135,0,0
BRDA:1210,136,0,0
BRDA:1210,136,1,0
BRDA:1211,137,0,0
BRDA:1211,137,1,0
BRDA:1227,138,0,0
BRDA:1239,139,0,0
BRDA:1239,139,1,0
BRDA:1259,140,0,0
BRDA:1304,141,0,0
BRDA:1310,142,0,0
BRDA:1310,142,1,0
BRDA:1313,143,0,0
BRDA:1313,143,1,0
BRDA:1315,144,0,0
BRDA:1325,145,0,0
BRDA:1340,146,0,0
BRDA:1340,146,1,0
BRDA:1340,146,2,0
BRDA:1340,146,3,0
BRDA:1340,146,4,0
BRDA:1351,147,0,0
BRDA:1351,148,0,0
BRDA:1351,148,1,0
BRF:272
BRH:0
end_of_record
TN:
SF:src/agent-metrics/dto/framework-comparison.dto.ts
FN:4,(anonymous_2)
FN:11,(anonymous_3)
FN:20,(anonymous_4)
FNF:3
FNH:0
FNDA:0,(anonymous_2)
FNDA:0,(anonymous_3)
FNDA:0,(anonymous_4)
DA:1,0
DA:2,0
DA:4,0
DA:5,0
DA:6,0
DA:7,0
DA:8,0
DA:11,0
DA:12,0
DA:13,0
DA:14,0
DA:15,0
DA:16,0
DA:17,0
DA:20,0
DA:23,0
DA:28,0
DA:37,0
DA:46,0
DA:51,0
DA:56,0
DA:61,0
DA:70,0
DA:79,0
DA:88,0
DA:95,0
DA:103,0
DA:109,0
DA:116,0
DA:128,0
LF:30
LH:0
BRDA:4,0,0,0
BRDA:4,0,1,0
BRDA:11,1,0,0
BRDA:11,1,1,0
BRF:4
BRH:0
end_of_record
TN:
SF:src/agent-metrics/dto/per-agent-analytics.dto.ts
FN:5,(anonymous_2)
FNF:1
FNH:0
FNDA:0,(anonymous_2)
DA:1,0
DA:2,0
DA:3,0
DA:5,0
DA:8,0
DA:13,0
DA:22,0
DA:31,0
DA:36,0
DA:48,0
DA:57,0
DA:72,0
LF:12
LH:0
BRF:0
BRH:0
end_of_record
TN:
SF:src/agent-metrics/dto/per-story-execution.dto.ts
FN:4,(anonymous_2)
FNF:1
FNH:0
FNDA:0,(anonymous_2)
DA:1,0
DA:2,0
DA:4,0
DA:7,0
DA:12,0
DA:17,0
DA:22,0
DA:29,0
DA:53,0
DA:83,0
LF:10
LH:0
BRF:0
BRH:0
end_of_record
TN:
SF:src/agent-metrics/dto/weekly-analysis.dto.ts
FN:5,(anonymous_2)
FN:12,(anonymous_3)
FNF:2
FNH:0
FNDA:0,(anonymous_2)
FNDA:0,(anonymous_3)
DA:1,0
DA:2,0
DA:3,0
DA:5,0
DA:6,0
DA:7,0
DA:8,0
DA:9,0
DA:12,0
DA:15,0
DA:20,0
DA:26,0
DA:35,0
DA:44,0
DA:49,0
DA:65,0
DA:77,0
DA:91,0
DA:100,0
DA:139,0
LF:20
LH:0
BRDA:5,0,0,0
BRDA:5,0,1,0
BRF:2
BRH:0
end_of_record
TN:
SF:src/agent-metrics/dto/workflow-metrics.dto.ts
FN:3,(anonymous_2)
FNF:1
FNH:0
FNDA:0,(anonymous_2)
DA:1,0
DA:3,0
DA:4,0
DA:5,0
DA:6,0
DA:7,0
DA:8,0
DA:11,0
DA:12,0
DA:13,0
DA:14,0
DA:15,0
DA:16,0
DA:17,0
DA:20,0
DA:21,0
DA:22,0
DA:23,0
DA:24,0
DA:25,0
DA:26,0
DA:27,0
DA:30,0
DA:31,0
DA:32,0
DA:33,0
DA:34,0
DA:35,0
DA:38,0
DA:39,0
DA:40,0
DA:41,0
DA:42,0
DA:43,0
DA:46,0
DA:47,0
DA:48,0
DA:49,0
DA:50,0
DA:51,0
DA:52,0
DA:55,0
DA:56,0
DA:57,0
DA:58,0
DA:59,0
DA:60,0
DA:63,0
DA:64,0
DA:65,0
DA:66,0
DA:67,0
DA:70,0
DA:71,0
DA:72,0
DA:73,0
DA:74,0
DA:75,0
DA:76,0
DA:79,0
DA:80,0
DA:81,0
DA:82,0
DA:83,0
DA:84,0
DA:87,0
DA:88,0
DA:89,0
DA:90,0
DA:91,0
DA:94,0
DA:95,0
DA:96,0
DA:97,0
DA:103,0
DA:106,0
DA:107,0
DA:108,0
DA:111,0
DA:112,0
DA:113,0
DA:114,0
DA:115,0
DA:118,0
DA:119,0
DA:120,0
DA:121,0
DA:122,0
DA:123,0
DA:124,0
DA:125,0
DA:126,0
DA:127,0
DA:128,0
DA:131,0
DA:132,0
DA:133,0
DA:134,0
DA:135,0
DA:136,0
DA:137,0
DA:138,0
DA:139,0
DA:140,0
DA:141,0
DA:142,0
DA:145,0
DA:146,0
DA:147,0
DA:148,0
LF:110
LH:0
BRDA:3,0,0,0
BRDA:3,0,1,0
BRF:2
BRH:0
end_of_record
TN:
SF:src/auth/auth.controller.ts
FN:10,(anonymous_4)
FN:16,(anonymous_5)
FN:31,(anonymous_6)
FN:42,(anonymous_7)
FN:52,(anonymous_8)
FNF:5
FNH:0
FNDA:0,(anonymous_4)
FNDA:0,(anonymous_5)
FNDA:0,(anonymous_6)
FNDA:0,(anonymous_7)
FNDA:0,(anonymous_8)
DA:1,0
DA:2,0
DA:3,0
DA:4,0
DA:5,0
DA:9,0
DA:10,0
DA:16,0
DA:17,0
DA:31,0
DA:32,0
DA:42,0
DA:43,0
DA:52,0
DA:53,0
LF:15
LH:0
BRF:0
BRH:0
end_of_record
TN:
SF:src/auth/auth.module.ts
FN:19,(anonymous_1)
FNF:1
FNH:0
FNDA:0,(anonymous_1)
DA:1,0
DA:2,0
DA:3,0
DA:4,0
DA:5,0
DA:6,0
DA:7,0
DA:8,0
DA:9,0
DA:10,0
DA:19,0
DA:31,0
LF:12
LH:0
BRF:0
BRH:0
end_of_record
TN:
SF:src/auth/auth.service.spec.ts
FN:12,(anonymous_9)
FN:31,(anonymous_10)
FN:42,(anonymous_11)
FN:58,(anonymous_12)
FN:62,(anonymous_13)
FN:63,(anonymous_14)
FN:93,(anonymous_15)
FN:101,(anonymous_16)
FN:117,(anonymous_17)
FN:118,(anonymous_18)
FN:145,(anonymous_19)
FN:155,(anonymous_20)
FN:156,(anonymous_21)
FN:169,(anonymous_22)
FN:170,(anonymous_23)
FN:193,(anonymous_24)
FN:199,(anonymous_25)
FNF:17
FNH:0
FNDA:0,(anonymous_9)
FNDA:0,(anonymous_10)
FNDA:0,(anonymous_11)
FNDA:0,(anonymous_12)
FNDA:0,(anonymous_13)
FNDA:0,(anonymous_14)
FNDA:0,(anonymous_15)
FNDA:0,(anonymous_16)
FNDA:0,(anonymous_17)
FNDA:0,(anonymous_18)
FNDA:0,(anonymous_19)
FNDA:0,(anonymous_20)
FNDA:0,(anonymous_21)
FNDA:0,(anonymous_22)
FNDA:0,(anonymous_23)
FNDA:0,(anonymous_24)
FNDA:0,(anonymous_25)
DA:1,0
DA:2,0
DA:3,0
DA:4,0
DA:5,0
DA:6,0
DA:7,0
DA:8,0
DA:10,0
DA:12,0
DA:18,0
DA:26,0
DA:30,0
DA:32,0
DA:38,0
DA:42,0
DA:43,0
DA:52,0
DA:53,0
DA:54,0
DA:55,0
DA:58,0
DA:59,0
DA:62,0
DA:63,0
DA:64,0
DA:75,0
DA:76,0
DA:78,0
DA:80,0
DA:88,0
DA:93,0
DA:94,0
DA:96,0
DA:101,0
DA:102,0
DA:108,0
DA:109,0
DA:111,0
DA:117,0
DA:118,0
DA:119,0
DA:130,0
DA:131,0
DA:132,0
DA:133,0
DA:134,0
DA:136,0
DA:138,0
DA:139,0
DA:140,0
DA:141,0
DA:142,0
DA:145,0
DA:146,0
DA:147,0
DA:149,0
DA:155,0
DA:156,0
DA:157,0
DA:159,0
DA:161,0
DA:162,0
DA:169,0
DA:170,0
DA:171,0
DA:178,0
DA:179,0
DA:180,0
DA:181,0
DA:182,0
DA:186,0
DA:188,0
DA:189,0
DA:190,0
DA:193,0
DA:194,0
DA:196,0
DA:199,0
DA:200,0
DA:205,0
DA:206,0
DA:208,0
LF:83
LH:0
BRDA:38,0,0,0
BRDA:38,0,1,0
BRF:2
BRH:0
end_of_record
TN:
SF:src/auth/auth.service.ts
FN:10,(anonymous_11)
FN:16,(anonymous_12)
FN:33,(anonymous_13)
FN:48,(anonymous_14)
FN:70,(anonymous_15)
FN:79,(anonymous_16)
FN:98,(anonymous_17)
FN:130,(anonymous_18)
FNF:8
FNH:0
FNDA:0,(anonymous_11)
FNDA:0,(anonymous_12)
FNDA:0,(anonymous_13)
FNDA:0,(anonymous_14)
FNDA:0,(anonymous_15)
FNDA:0,(anonymous_16)
FNDA:0,(anonymous_17)
FNDA:0,(anonymous_18)
DA:1,0
DA:2,0
DA:3,0
DA:4,0
DA:5,0
DA:6,0
DA:9,0
DA:11,0
DA:12,0
DA:13,0
DA:17,0
DA:19,0
DA:20,0
DA:23,0
DA:25,0
DA:26,0
DA:29,0
DA:30,0
DA:34,0
DA:35,0
DA:37,0
DA:50,0
DA:51,0
DA:52,0
DA:55,0
DA:57,0
DA:66,0
DA:67,0
DA:71,0
DA:76,0
DA:80,0
DA:82,0
DA:83,0
DA:86,0
DA:88,0
DA:89,0
DA:92,0
DA:93,0
DA:95,0
DA:99,0
DA:124,0
DA:131,0
DA:132,0
LF:43
LH:0
BRDA:19,0,0,0
BRDA:25,1,0,0
BRDA:48,2,0,0
BRDA:51,3,0,0
BRDA:82,4,0,0
BRDA:82,5,0,0
BRDA:82,5,1,0
BRDA:88,6,0,0
BRF:8
BRH:0
end_of_record
TN:
SF:src/auth/decorators/current-user.decorator.ts
FN:4,(anonymous_0)
FNF:1
FNH:0
FNDA:0,(anonymous_0)
DA:1,0
DA:3,0
DA:5,0
DA:6,0
LF:4
LH:0
BRF:0
BRH:0
end_of_record
TN:
SF:src/auth/decorators/public.decorator.ts
FN:4,(anonymous_0)
FNF:1
FNH:0
FNDA:0,(anonymous_0)
DA:1,0
DA:3,0
DA:4,0
LF:3
LH:0
BRF:0
BRH:0
end_of_record
TN:
SF:src/auth/decorators/roles.decorator.ts
FN:5,(anonymous_0)
FNF:1
FNH:0
FNDA:0,(anonymous_0)
DA:1,0
DA:4,0
DA:5,0
LF:3
LH:0
BRF:0
BRH:0
end_of_record
TN:
SF:src/auth/dto/login.dto.ts
FNF:0
FNH:0
DA:1,0
DA:2,0
DA:4,0
DA:10,0
DA:17,0
LF:5
LH:0
BRF:0
BRH:0
end_of_record
TN:
SF:src/auth/dto/refresh-token.dto.ts
FNF:0
FNH:0
DA:1,0
DA:2,0
DA:4,0
DA:10,0
LF:4
LH:0
BRF:0
BRH:0
end_of_record
TN:
SF:src/auth/dto/register.dto.ts
FNF:0
FNH:0
DA:1,0
DA:2,0
DA:3,0
DA:5,0
DA:12,0
DA:19,0
DA:28,0
DA:38,0
LF:8
LH:0
BRF:0
BRH:0
end_of_record
TN:
SF:src/auth/guards/jwt-auth.guard.ts
FNF:0
FNH:0
DA:1,0
DA:2,0
DA:5,0
LF:3
LH:0
BRF:0
BRH:0
end_of_record
TN:
SF:src/auth/guards/roles.guard.ts
FN:8,(anonymous_2)
FN:10,(anonymous_3)
FNF:2
FNH:0
FNDA:0,(anonymous_2)
FNDA:0,(anonymous_3)
DA:1,0
DA:2,0
DA:4,0
DA:7,0
DA:8,0
DA:11,0
DA:16,0
DA:17,0
DA:20,0
DA:22,0
DA:23,0
DA:26,0
DA:28,0
DA:29,0
DA:34,0
LF:15
LH:0
BRDA:16,0,0,0
BRDA:22,1,0,0
BRDA:28,2,0,0
BRF:3
BRH:0
end_of_record
TN:
SF:src/auth/strategies/jwt.strategy.ts
FN:8,(anonymous_4)
FN:17,(anonymous_5)
FNF:2
FNH:0
FNDA:0,(anonymous_4)
FNDA:0,(anonymous_5)
DA:1,0
DA:2,0
DA:3,0
DA:4,0
DA:7,0
DA:8,0
DA:9,0
DA:10,0
DA:18,0
LF:9
LH:0
BRDA:9,0,0,0
BRDA:9,0,1,0
BRDA:9,0,2,0
BRF:3
BRH:0
end_of_record
TN:
SF:src/auth/strategies/local.strategy.ts
FN:8,(anonymous_2)
FN:12,(anonymous_3)
FNF:2
FNH:0
FNDA:0,(anonymous_2)
FNDA:0,(anonymous_3)
DA:1,0
DA:2,0
DA:3,0
DA:4,0
DA:7,0
DA:8,0
DA:9,0
DA:13,0
DA:15,0
DA:16,0
DA:19,0
LF:11
LH:0
BRDA:15,0,0,0
BRF:1
BRH:0
end_of_record
TN:
SF:src/auth/strategies/refresh-token.strategy.ts
FN:9,(anonymous_4)
FN:18,(anonymous_5)
FNF:2
FNH:0
FNDA:0,(anonymous_4)
FNDA:0,(anonymous_5)
DA:1,0
DA:2,0
DA:3,0
DA:5,0
DA:8,0
DA:9,0
DA:10,0
DA:11,0
DA:19,0
DA:20,0
LF:10
LH:0
BRDA:10,0,0,0
BRDA:10,0,1,0
BRDA:10,0,2,0
BRDA:10,0,3,0
BRF:4
BRH:0
end_of_record
TN:
SF:src/code-metrics/code-metrics.controller.ts
FN:23,(anonymous_4)
FN:29,(anonymous_5)
FN:40,(anonymous_6)
FN:51,(anonymous_7)
FN:62,(anonymous_8)
FN:70,(anonymous_9)
FN:96,(anonymous_10)
FN:106,(anonymous_11)
FN:116,(anonymous_12)
FN:140,(anonymous_13)
FN:172,(anonymous_14)
FN:204,(anonymous_15)
FN:223,(anonymous_16)
FNF:13
FNH:0
FNDA:0,(anonymous_4)
FNDA:0,(anonymous_5)
FNDA:0,(anonymous_6)
FNDA:0,(anonymous_7)
FNDA:0,(anonymous_8)
FNDA:0,(anonymous_9)
FNDA:0,(anonymous_10)
FNDA:0,(anonymous_11)
FNDA:0,(anonymous_12)
FNDA:0,(anonymous_13)
FNDA:0,(anonymous_14)
FNDA:0,(anonymous_15)
FNDA:0,(anonymous_16)
DA:1,0
DA:2,0
DA:3,0
DA:4,0
DA:5,0
DA:6,0
DA:7,0
DA:16,0
DA:22,0
DA:23,0
DA:29,0
DA:33,0
DA:40,0
DA:44,0
DA:51,0
DA:55,0
DA:62,0
DA:63,0
DA:70,0
DA:74,0
DA:96,0
DA:99,0
DA:106,0
DA:109,0
DA:116,0
DA:120,0
DA:140,0
DA:149,0
DA:172,0
DA:184,0
DA:204,0
DA:213,0
DA:223,0
DA:224,0
LF:34
LH:0
BRDA:55,0,0,0
BRDA:55,0,1,0
BRDA:120,1,0,0
BRDA:120,1,1,0
BRF:4
BRH:0
end_of_record
TN:
SF:src/code-metrics/code-metrics.module.ts
FNF:0
FNH:0
DA:1,0
DA:2,0
DA:3,0
DA:4,0
DA:5,0
DA:13,0
LF:6
LH:0
BRF:0
BRH:0
end_of_record
TN:
SF:src/code-metrics/code-metrics.service.ts
FN:19,(anonymous_2)
FN:28,(anonymous_3)
FN:62,(anonymous_4)
FN:63,(anonymous_5)
FN:64,(anonymous_6)
FN:65,(anonymous_7)
FN:73,(anonymous_8)
FN:90,(anonymous_9)
FN:117,(anonymous_10)
FN:133,(anonymous_11)
FN:149,(anonymous_12)
FN:176,(anonymous_13)
FN:216,(anonymous_14)
FN:242,(anonymous_15)
FN:253,(anonymous_16)
FN:257,(anonymous_17)
FN:272,(anonymous_18)
FN:284,(anonymous_19)
FN:316,(anonymous_20)
FN:351,(anonymous_21)
FN:398,(anonymous_22)
FN:412,(anonymous_23)
FN:438,(anonymous_24)
FN:445,(anonymous_25)
FN:463,(anonymous_26)
FN:532,(anonymous_27)
FN:545,(anonymous_28)
FN:588,(anonymous_29)
FN:678,(anonymous_30)
FN:680,(anonymous_31)
FN:684,(anonymous_32)
FN:688,(anonymous_33)
FN:708,(anonymous_34)
FN:709,(anonymous_35)
FN:711,(anonymous_36)
FN:712,(anonymous_37)
FN:742,(anonymous_38)
FN:770,(anonymous_39)
FN:805,(anonymous_40)
FN:848,(anonymous_41)
FN:882,(anonymous_42)
FN:883,(anonymous_43)
FNF:42
FNH:0
FNDA:0,(anonymous_2)
FNDA:0,(anonymous_3)
FNDA:0,(anonymous_4)
FNDA:0,(anonymous_5)
FNDA:0,(anonymous_6)
FNDA:0,(anonymous_7)
FNDA:0,(anonymous_8)
FNDA:0,(anonymous_9)
FNDA:0,(anonymous_10)
FNDA:0,(anonymous_11)
FNDA:0,(anonymous_12)
FNDA:0,(anonymous_13)
FNDA:0,(anonymous_14)
FNDA:0,(anonymous_15)
FNDA:0,(anonymous_16)
FNDA:0,(anonymous_17)
FNDA:0,(anonymous_18)
FNDA:0,(anonymous_19)
FNDA:0,(anonymous_20)
FNDA:0,(anonymous_21)
FNDA:0,(anonymous_22)
FNDA:0,(anonymous_23)
FNDA:0,(anonymous_24)
FNDA:0,(anonymous_25)
FNDA:0,(anonymous_26)
FNDA:0,(anonymous_27)
FNDA:0,(anonymous_28)
FNDA:0,(anonymous_29)
FNDA:0,(anonymous_30)
FNDA:0,(anonymous_31)
FNDA:0,(anonymous_32)
FNDA:0,(anonymous_33)
FNDA:0,(anonymous_34)
FNDA:0,(anonymous_35)
FNDA:0,(anonymous_36)
FNDA:0,(anonymous_37)
FNDA:0,(anonymous_38)
FNDA:0,(anonymous_39)
FNDA:0,(anonymous_40)
FNDA:0,(anonymous_41)
FNDA:0,(anonymous_42)
FNDA:0,(anonymous_43)
DA:1,0
DA:2,0
DA:3,0
DA:18,0
DA:20,0
DA:21,0
DA:32,0
DA:33,0
DA:34,0
DA:37,0
DA:44,0
DA:45,0
DA:62,0
DA:63,0
DA:64,0
DA:65,0
DA:67,0
DA:68,0
DA:69,0
DA:72,0
DA:73,0
DA:74,0
DA:75,0
DA:79,0
DA:80,0
DA:81,0
DA:82,0
DA:87,0
DA:90,0
DA:91,0
DA:98,0
DA:121,0
DA:122,0
DA:124,0
DA:133,0
DA:150,0
DA:156,0
DA:157,0
DA:161,0
DA:176,0
DA:183,0
DA:184,0
DA:185,0
DA:186,0
DA:189,0
DA:192,0
DA:220,0
DA:222,0
DA:223,0
DA:224,0
DA:225,0
DA:227,0
DA:236,0
DA:243,0
DA:247,0
DA:253,0
DA:254,0
DA:255,0
DA:257,0
DA:258,0
DA:259,0
DA:260,0
DA:266,0
DA:267,0
DA:268,0
DA:272,0
DA:289,0
DA:293,0
DA:294,0
DA:297,0
DA:298,0
DA:304,0
DA:306,0
DA:317,0
DA:321,0
DA:323,0
DA:333,0
DA:342,0
DA:343,0
DA:344,0
DA:347,0
DA:348,0
DA:349,0
DA:351,0
DA:352,0
DA:353,0
DA:360,0
DA:361,0
DA:363,0
DA:367,0
DA:368,0
DA:385,0
DA:386,0
DA:390,0
DA:392,0
DA:399,0
DA:411,0
DA:414,0
DA:415,0
DA:416,0
DA:417,0
DA:419,0
DA:421,0
DA:422,0
DA:423,0
DA:424,0
DA:425,0
DA:426,0
DA:428,0
DA:438,0
DA:446,0
DA:464,0
DA:465,0
DA:469,0
DA:470,0
DA:471,0
DA:476,0
DA:477,0
DA:478,0
DA:479,0
DA:480,0
DA:481,0
DA:482,0
DA:483,0
DA:484,0
DA:486,0
DA:487,0
DA:488,0
DA:489,0
DA:492,0
DA:493,0
DA:494,0
DA:495,0
DA:496,0
DA:498,0
DA:499,0
DA:503,0
DA:504,0
DA:505,0
DA:506,0
DA:507,0
DA:510,0
DA:511,0
DA:515,0
DA:533,0
DA:534,0
DA:535,0
DA:537,0
DA:553,0
DA:559,0
DA:560,0
DA:567,0
DA:568,0
DA:569,0
DA:578,0
DA:599,0
DA:602,0
DA:608,0
DA:610,0
DA:621,0
DA:624,0
DA:625,0
DA:637,0
DA:639,0
DA:650,0
DA:653,0
DA:654,0
DA:665,0
DA:667,0
DA:678,0
DA:679,0
DA:680,0
DA:683,0
DA:684,0
DA:687,0
DA:688,0
DA:692,0
DA:693,0
DA:694,0
DA:697,0
DA:698,0
DA:703,0
DA:708,0
DA:709,0
DA:711,0
DA:712,0
DA:715,0
DA:716,0
DA:723,0
DA:724,0
DA:725,0
DA:727,0
DA:750,0
DA:755,0
DA:765,0
DA:766,0
DA:767,0
DA:770,0
DA:771,0
DA:772,0
DA:774,0
DA:775,0
DA:778,0
DA:780,0
DA:781,0
DA:784,0
DA:785,0
DA:787,0
DA:788,0
DA:793,0
DA:807,0
DA:812,0
DA:813,0
DA:816,0
DA:817,0
DA:818,0
DA:821,0
DA:833,0
DA:834,0
DA:845,0
DA:847,0
DA:848,0
DA:866,0
DA:867,0
DA:868,0
DA:871,0
DA:882,0
DA:883,0
DA:885,0
DA:888,0
DA:889,0
DA:891,0
DA:893,0
DA:911,0
DA:918,0
DA:919,0
DA:953,0
DA:954,0
DA:955,0
DA:973,0
LF:240
LH:0
BRDA:32,0,0,0
BRDA:32,0,1,0
BRDA:44,1,0,0
BRDA:65,2,0,0
BRDA:65,2,1,0
BRDA:67,3,0,0
BRDA:67,3,1,0
BRDA:68,4,0,0
BRDA:68,4,1,0
BRDA:69,5,0,0
BRDA:69,5,1,0
BRDA:74,6,0,0
BRDA:74,6,1,0
BRDA:75,7,0,0
BRDA:75,7,1,0
BRDA:90,8,0,0
BRDA:90,8,1,0
BRDA:121,9,0,0
BRDA:121,9,1,0
BRDA:122,10,0,0
BRDA:122,10,1,0
BRDA:138,11,0,0
BRDA:138,11,1,0
BRDA:142,12,0,0
BRDA:142,12,1,0
BRDA:156,13,0,0
BRDA:177,14,0,0
BRDA:177,14,1,0
BRDA:183,15,0,0
BRDA:183,15,1,0
BRDA:184,16,0,0
BRDA:184,16,1,0
BRDA:185,17,0,0
BRDA:185,17,1,0
BRDA:186,18,0,0
BRDA:186,18,1,0
BRDA:189,19,0,0
BRDA:189,19,1,0
BRDA:190,20,0,0
BRDA:190,20,1,0
BRDA:194,21,0,0
BRDA:194,21,1,0
BRDA:200,22,0,0
BRDA:200,22,1,0
BRDA:218,23,0,0
BRDA:254,24,0,0
BRDA:254,24,1,0
BRDA:255,25,0,0
BRDA:255,25,1,0
BRDA:258,26,0,0
BRDA:258,26,1,0
BRDA:259,27,0,0
BRDA:261,28,0,0
BRDA:261,28,1,0
BRDA:293,29,0,0
BRDA:297,30,0,0
BRDA:297,31,0,0
BRDA:297,31,1,0
BRDA:321,32,0,0
BRDA:352,33,0,0
BRDA:360,34,0,0
BRDA:360,34,1,0
BRDA:378,35,0,0
BRDA:378,35,1,0
BRDA:380,36,0,0
BRDA:380,36,1,0
BRDA:381,37,0,0
BRDA:381,37,1,0
BRDA:385,38,0,0
BRDA:385,38,1,0
BRDA:398,39,0,0
BRDA:417,40,0,0
BRDA:417,40,1,0
BRDA:422,41,0,0
BRDA:423,42,0,0
BRDA:424,43,0,0
BRDA:425,44,0,0
BRDA:426,45,0,0
BRDA:426,46,0,0
BRDA:426,46,1,0
BRDA:433,47,0,0
BRDA:433,47,1,0
BRDA:435,48,0,0
BRDA:435,48,1,0
BRDA:464,49,0,0
BRDA:464,50,0,0
BRDA:464,50,1,0
BRDA:470,51,0,0
BRDA:503,52,0,0
BRDA:503,52,1,0
BRDA:504,53,0,0
BRDA:504,53,1,0
BRDA:505,54,0,0
BRDA:505,54,1,0
BRDA:506,55,0,0
BRDA:506,55,1,0
BRDA:507,56,0,0
BRDA:507,56,1,0
BRDA:535,57,0,0
BRDA:535,57,1,0
BRDA:559,58,0,0
BRDA:568,59,0,0
BRDA:608,60,0,0
BRDA:637,61,0,0
BRDA:665,62,0,0
BRDA:684,63,0,0
BRDA:684,63,1,0
BRDA:692,64,0,0
BRDA:692,64,1,0
BRDA:693,65,0,0
BRDA:693,65,1,0
BRDA:694,66,0,0
BRDA:694,66,1,0
BRDA:771,67,0,0
BRDA:774,68,0,0
BRDA:774,69,0,0
BRDA:774,69,1,0
BRDA:778,70,0,0
BRDA:778,70,1,0
BRDA:778,70,2,0
BRDA:778,70,3,0
BRDA:812,71,0,0
BRDA:845,72,0,0
BRDA:891,73,0,0
BRDA:891,73,1,0
BRDA:911,74,0,0
BRDA:911,74,1,0
BRDA:911,74,2,0
BRDA:911,74,3,0
BRDA:911,74,4,0
BRDA:911,74,5,0
BRDA:915,75,0,0
BRDA:915,75,1,0
BRDA:915,76,0,0
BRDA:915,76,1,0
BRDA:918,77,0,0
BRDA:944,78,0,0
BRDA:944,78,1,0
BRDA:944,79,0,0
BRDA:944,79,1,0
BRDA:954,80,0,0
BRF:141
BRH:0
end_of_record
TN:
SF:src/code-metrics/dto/code-health-score.dto.ts
FNF:0
FNH:0
DA:1,0
DA:3,0
DA:5,0
DA:8,0
DA:11,0
DA:14,0
DA:21,0
DA:24,0
DA:27,0
DA:29,0
DA:32,0
DA:38,0
DA:41,0
DA:49,0
DA:52,0
DA:54,0
DA:57,0
DA:60,0
DA:63,0
DA:66,0
DA:69,0
DA:72,0
DA:75,0
DA:78,0
DA:81,0
DA:84,0
DA:89,0
DA:92,0
DA:95,0
DA:98,0
DA:101,0
DA:104,0
DA:106,0
DA:109,0
DA:112,0
DA:115,0
DA:118,0
DA:121,0
DA:124,0
DA:127,0
DA:130,0
DA:133,0
DA:136,0
DA:139,0
DA:142,0
DA:145,0
DA:152,0
DA:160,0
DA:163,0
DA:166,0
DA:169,0
DA:171,0
DA:174,0
DA:177,0
DA:180,0
DA:183,0
LF:56
LH:0
BRF:0
BRH:0
end_of_record
TN:
SF:src/code-metrics/dto/folder-metrics.dto.ts
FN:45,(anonymous_2)
FN:48,(anonymous_3)
FNF:2
FNH:0
FNDA:0,(anonymous_2)
FNDA:0,(anonymous_3)
DA:1,0
DA:3,0
DA:5,0
DA:8,0
DA:11,0
DA:14,0
DA:17,0
DA:20,0
DA:23,0
DA:26,0
DA:29,0
DA:32,0
DA:35,0
DA:37,0
DA:40,0
DA:43,0
DA:45,0
DA:46,0
DA:48,0
DA:49,0
DA:52,0
DA:54,0
DA:57,0
DA:60,0
DA:63,0
DA:66,0
DA:69,0
DA:72,0
LF:28
LH:0
BRF:0
BRH:0
end_of_record
TN:
SF:src/code-metrics/dto/query-metrics.dto.ts
FN:5,(anonymous_2)
FN:11,(anonymous_3)
FN:30,(anonymous_4)
FN:36,(anonymous_5)
FN:44,(anonymous_6)
FNF:5
FNH:0
FNDA:0,(anonymous_2)
FNDA:0,(anonymous_3)
FNDA:0,(anonymous_4)
FNDA:0,(anonymous_5)
FNDA:0,(anonymous_6)
DA:1,0
DA:2,0
DA:3,0
DA:5,0
DA:11,0
DA:12,0
DA:17,0
DA:22,0
DA:27,0
DA:30,0
DA:36,0
DA:37,0
DA:44,0
DA:45,0
LF:14
LH:0
BRF:0
BRH:0
end_of_record
TN:
SF:src/commits/commits.controller.ts
FN:14,(anonymous_4)
FN:20,(anonymous_5)
FN:30,(anonymous_6)
FN:42,(anonymous_7)
FN:52,(anonymous_8)
FN:64,(anonymous_9)
FN:74,(anonymous_10)
FN:86,(anonymous_11)
FNF:8
FNH:0
FNDA:0,(anonymous_4)
FNDA:0,(anonymous_5)
FNDA:0,(anonymous_6)
FNDA:0,(anonymous_7)
FNDA:0,(anonymous_8)
FNDA:0,(anonymous_9)
FNDA:0,(anonymous_10)
FNDA:0,(anonymous_11)
DA:1,0
DA:2,0
DA:3,0
DA:4,0
DA:5,0
DA:6,0
DA:7,0
DA:13,0
DA:14,0
DA:20,0
DA:21,0
DA:30,0
DA:34,0
DA:42,0
DA:43,0
DA:52,0
DA:56,0
DA:64,0
DA:65,0
DA:74,0
DA:78,0
DA:86,0
DA:87,0
LF:23
LH:0
BRF:0
BRH:0
end_of_record
TN:
SF:src/commits/commits.module.ts
FNF:0
FNH:0
DA:1,0
DA:2,0
DA:3,0
DA:4,0
DA:5,0
DA:13,0
LF:6
LH:0
BRF:0
BRH:0
end_of_record
TN:
SF:src/commits/commits.service.spec.ts
FN:8,(anonymous_0)
FN:52,(anonymous_1)
FN:67,(anonymous_2)
FN:88,(anonymous_3)
FN:116,(anonymous_4)
FN:139,(anonymous_5)
FN:159,(anonymous_6)
FN:160,(anonymous_7)
FN:179,(anonymous_8)
FN:188,(anonymous_9)
FN:189,(anonymous_10)
FN:209,(anonymous_11)
FN:217,(anonymous_12)
FNF:13
FNH:0
FNDA:0,(anonymous_0)
FNDA:0,(anonymous_1)
FNDA:0,(anonymous_2)
FNDA:0,(anonymous_3)
FNDA:0,(anonymous_4)
FNDA:0,(anonymous_5)
FNDA:0,(anonymous_6)
FNDA:0,(anonymous_7)
FNDA:0,(anonymous_8)
FNDA:0,(anonymous_9)
FNDA:0,(anonymous_10)
FNDA:0,(anonymous_11)
FNDA:0,(anonymous_12)
DA:1,0
DA:2,0
DA:3,0
DA:4,0
DA:5,0
DA:8,0
DA:12,0
DA:27,0
DA:31,0
DA:36,0
DA:42,0
DA:52,0
DA:53,0
DA:61,0
DA:62,0
DA:64,0
DA:67,0
DA:68,0
DA:88,0
DA:89,0
DA:90,0
DA:109,0
DA:111,0
DA:112,0
DA:113,0
DA:116,0
DA:117,0
DA:118,0
DA:126,0
DA:128,0
DA:129,0
DA:139,0
DA:140,0
DA:141,0
DA:143,0
DA:144,0
DA:152,0
DA:154,0
DA:155,0
DA:159,0
DA:160,0
DA:161,0
DA:162,0
DA:169,0
DA:171,0
DA:172,0
DA:179,0
DA:180,0
DA:182,0
DA:188,0
DA:189,0
DA:190,0
DA:191,0
DA:198,0
DA:200,0
DA:201,0
DA:209,0
DA:210,0
DA:212,0
DA:217,0
DA:218,0
DA:219,0
DA:221,0
DA:223,0
LF:64
LH:0
BRF:0
BRH:0
end_of_record
TN:
SF:src/commits/commits.service.ts
FN:10,(anonymous_2)
FN:18,(anonymous_3)
FN:55,(anonymous_4)
FN:94,(anonymous_5)
FN:97,(anonymous_6)
FN:109,(anonymous_7)
FN:121,(anonymous_8)
FN:127,(anonymous_9)
FN:139,(anonymous_10)
FN:145,(anonymous_11)
FN:157,(anonymous_12)
FN:163,(anonymous_13)
FN:184,(anonymous_14)
FN:220,(anonymous_15)
FNF:14
FNH:0
FNDA:0,(anonymous_2)
FNDA:0,(anonymous_3)
FNDA:0,(anonymous_4)
FNDA:0,(anonymous_5)
FNDA:0,(anonymous_6)
FNDA:0,(anonymous_7)
FNDA:0,(anonymous_8)
FNDA:0,(anonymous_9)
FNDA:0,(anonymous_10)
FNDA:0,(anonymous_11)
FNDA:0,(anonymous_12)
FNDA:0,(anonymous_13)
FNDA:0,(anonymous_14)
FNDA:0,(anonymous_15)
DA:1,0
DA:2,0
DA:3,0
DA:7,0
DA:8,0
DA:11,0
DA:12,0
DA:20,0
DA:24,0
DA:26,0
DA:40,0
DA:44,0
DA:55,0
DA:76,0
DA:77,0
DA:82,0
DA:84,0
DA:88,0
DA:95,0
DA:97,0
DA:110,0
DA:121,0
DA:128,0
DA:139,0
DA:146,0
DA:157,0
DA:164,0
DA:174,0
DA:175,0
DA:178,0
DA:185,0
DA:206,0
DA:221,0
DA:250,0
LF:34
LH:0
BRDA:24,0,0,0
BRDA:53,1,0,0
BRDA:53,1,1,0
BRDA:80,2,0,0
BRDA:80,2,1,0
BRDA:100,3,0,0
BRDA:100,3,1,0
BRDA:101,4,0,0
BRDA:101,4,1,0
BRDA:109,5,0,0
BRDA:127,6,0,0
BRDA:145,7,0,0
BRDA:174,8,0,0
BRDA:210,9,0,0
BRDA:210,9,1,0
BRDA:211,10,0,0
BRDA:211,10,1,0
BRDA:212,11,0,0
BRDA:212,11,1,0
BRDA:212,12,0,0
BRDA:212,12,1,0
BRDA:252,13,0,0
BRDA:252,13,1,0
BRDA:253,14,0,0
BRDA:253,14,1,0
BRDA:254,15,0,0
BRDA:254,15,1,0
BRDA:254,16,0,0
BRDA:254,16,1,0
BRF:29
BRH:0
end_of_record
TN:
SF:src/commits/dto/commit-response.dto.ts
FNF:0
FNH:0
DA:1,0
DA:3,0
DA:5,0
DA:8,0
DA:11,0
DA:14,0
DA:17,0
DA:20,0
DA:23,0
DA:26,0
DA:29,0
DA:32,0
DA:34,0
DA:37,0
DA:40,0
DA:43,0
DA:46,0
DA:49,0
DA:52,0
DA:55,0
DA:58,0
DA:61,0
DA:64,0
LF:23
LH:0
BRF:0
BRH:0
end_of_record
TN:
SF:src/commits/dto/link-commit.dto.ts
FN:76,(anonymous_2)
FNF:1
FNH:0
FNDA:0,(anonymous_2)
DA:1,0
DA:2,0
DA:3,0
DA:5,0
DA:8,0
DA:13,0
DA:18,0
DA:24,0
DA:30,0
DA:34,0
DA:38,0
DA:41,0
DA:44,0
DA:48,0
DA:52,0
DA:56,0
DA:60,0
DA:65,0
DA:70,0
DA:76,0
DA:77,0
LF:21
LH:0
BRF:0
BRH:0
end_of_record
TN:
SF:src/common/filters/http-exception.filter.ts
FN:13,(anonymous_2)
FN:15,(anonymous_3)
FNF:2
FNH:0
FNDA:0,(anonymous_2)
FNDA:0,(anonymous_3)
DA:1,0
DA:9,0
DA:12,0
DA:13,0
DA:16,0
DA:17,0
DA:18,0
DA:21,0
DA:26,0
DA:30,0
DA:39,0
DA:40,0
DA:46,0
DA:52,0
LF:14
LH:0
BRDA:21,0,0,0
BRDA:21,0,1,0
BRDA:26,1,0,0
BRDA:26,1,1,0
BRDA:35,2,0,0
BRDA:35,2,1,0
BRDA:35,3,0,0
BRDA:35,3,1,0
BRDA:39,4,0,0
BRDA:39,4,1,0
BRDA:42,5,0,0
BRDA:42,5,1,0
BRF:12
BRH:0
end_of_record
TN:
SF:src/common/interceptors/logging.interceptor.ts
FN:13,(anonymous_2)
FN:15,(anonymous_3)
FN:27,(anonymous_4)
FNF:3
FNH:0
FNDA:0,(anonymous_2)
FNDA:0,(anonymous_3)
FNDA:0,(anonymous_4)
DA:1,0
DA:8,0
DA:9,0
DA:12,0
DA:13,0
DA:16,0
DA:17,0
DA:18,0
DA:19,0
DA:21,0
DA:26,0
DA:28,0
DA:29,0
DA:30,0
LF:14
LH:0
BRDA:18,0,0,0
BRDA:18,0,1,0
BRF:2
BRH:0
end_of_record
TN:
SF:src/common/logger/logger.service.ts
FN:8,(anonymous_11)
FN:22,(anonymous_12)
FN:40,(anonymous_13)
FN:44,(anonymous_14)
FN:48,(anonymous_15)
FN:52,(anonymous_16)
FN:56,(anonymous_17)
FNF:7
FNH:0
FNDA:0,(anonymous_11)
FNDA:0,(anonymous_12)
FNDA:0,(anonymous_13)
FNDA:0,(anonymous_14)
FNDA:0,(anonymous_15)
FNDA:0,(anonymous_16)
FNDA:0,(anonymous_17)
DA:1,0
DA:2,0
DA:5,0
DA:9,0
DA:23,0
DA:41,0
DA:45,0
DA:49,0
DA:53,0
DA:57,0
LF:10
LH:0
BRDA:10,0,0,0
BRDA:10,0,1,0
BRDA:23,1,0,0
BRDA:23,1,1,0
BRDA:24,2,0,0
BRDA:24,2,1,0
BRF:6
BRH:0
end_of_record
TN:
SF:src/components/components.controller.ts
FN:24,(anonymous_4)
FN:31,(anonymous_5)
FN:44,(anonymous_6)
FN:72,(anonymous_7)
FN:83,(anonymous_8)
FN:96,(anonymous_9)
FN:104,(anonymous_10)
FN:112,(anonymous_11)
FN:120,(anonymous_12)
FNF:9
FNH:0
FNDA:0,(anonymous_4)
FNDA:0,(anonymous_5)
FNDA:0,(anonymous_6)
FNDA:0,(anonymous_7)
FNDA:0,(anonymous_8)
FNDA:0,(anonymous_9)
FNDA:0,(anonymous_10)
FNDA:0,(anonymous_11)
FNDA:0,(anonymous_12)
DA:1,0
DA:14,0
DA:15,0
DA:16,0
DA:17,0
DA:23,0
DA:24,0
DA:31,0
DA:35,0
DA:44,0
DA:50,0
DA:52,0
DA:53,0
DA:56,0
DA:57,0
DA:60,0
DA:61,0
DA:64,0
DA:72,0
DA:76,0
DA:83,0
DA:87,0
DA:96,0
DA:97,0
DA:104,0
DA:105,0
DA:112,0
DA:113,0
DA:120,0
DA:124,0
LF:30
LH:0
BRDA:52,0,0,0
BRDA:56,1,0,0
BRDA:57,2,0,0
BRDA:57,2,1,0
BRDA:60,3,0,0
BRF:5
BRH:0
end_of_record
TN:
SF:src/components/components.module.ts
FNF:0
FNH:0
DA:1,0
DA:2,0
DA:3,0
DA:4,0
DA:12,0
LF:5
LH:0
BRF:0
BRH:0
end_of_record
TN:
SF:src/components/components.service.spec.ts
FN:7,(anonymous_0)
FN:69,(anonymous_1)
FN:81,(anonymous_2)
FN:85,(anonymous_3)
FN:106,(anonymous_4)
FN:121,(anonymous_5)
FN:130,(anonymous_6)
FN:171,(anonymous_7)
FN:191,(anonymous_8)
FN:192,(anonymous_9)
FN:207,(anonymous_10)
FN:219,(anonymous_11)
FN:234,(anonymous_12)
FN:252,(anonymous_13)
FN:270,(anonymous_14)
FN:279,(anonymous_15)
FN:280,(anonymous_16)
FN:292,(anonymous_17)
FN:303,(anonymous_18)
FN:310,(anonymous_19)
FN:317,(anonymous_20)
FN:335,(anonymous_21)
FN:344,(anonymous_22)
FN:359,(anonymous_23)
FN:374,(anonymous_24)
FN:375,(anonymous_25)
FN:389,(anonymous_26)
FN:399,(anonymous_27)
FN:407,(anonymous_28)
FN:408,(anonymous_29)
FN:428,(anonymous_30)
FN:429,(anonymous_31)
FN:446,(anonymous_32)
FN:447,(anonymous_33)
FN:461,(anonymous_34)
FN:480,(anonymous_35)
FN:495,(anonymous_36)
FN:496,(anonymous_37)
FN:508,(anonymous_38)
FNF:39
FNH:0
FNDA:0,(anonymous_0)
FNDA:0,(anonymous_1)
FNDA:0,(anonymous_2)
FNDA:0,(anonymous_3)
FNDA:0,(anonymous_4)
FNDA:0,(anonymous_5)
FNDA:0,(anonymous_6)
FNDA:0,(anonymous_7)
FNDA:0,(anonymous_8)
FNDA:0,(anonymous_9)
FNDA:0,(anonymous_10)
FNDA:0,(anonymous_11)
FNDA:0,(anonymous_12)
FNDA:0,(anonymous_13)
FNDA:0,(anonymous_14)
FNDA:0,(anonymous_15)
FNDA:0,(anonymous_16)
FNDA:0,(anonymous_17)
FNDA:0,(anonymous_18)
FNDA:0,(anonymous_19)
FNDA:0,(anonymous_20)
FNDA:0,(anonymous_21)
FNDA:0,(anonymous_22)
FNDA:0,(anonymous_23)
FNDA:0,(anonymous_24)
FNDA:0,(anonymous_25)
FNDA:0,(anonymous_26)
FNDA:0,(anonymous_27)
FNDA:0,(anonymous_28)
FNDA:0,(anonymous_29)
FNDA:0,(anonymous_30)
FNDA:0,(anonymous_31)
FNDA:0,(anonymous_32)
FNDA:0,(anonymous_33)
FNDA:0,(anonymous_34)
FNDA:0,(anonymous_35)
FNDA:0,(anonymous_36)
FNDA:0,(anonymous_37)
FNDA:0,(anonymous_38)
DA:1,0
DA:2,0
DA:3,0
DA:4,0
DA:7,0
DA:11,0
DA:18,0
DA:45,0
DA:53,0
DA:69,0
DA:70,0
DA:77,0
DA:78,0
DA:81,0
DA:82,0
DA:85,0
DA:86,0
DA:106,0
DA:107,0
DA:108,0
DA:110,0
DA:112,0
DA:113,0
DA:114,0
DA:115,0
DA:118,0
DA:121,0
DA:122,0
DA:124,0
DA:127,0
DA:130,0
DA:131,0
DA:149,0
DA:150,0
DA:158,0
DA:160,0
DA:161,0
DA:162,0
DA:171,0
DA:172,0
DA:173,0
DA:175,0
DA:176,0
DA:181,0
DA:183,0
DA:191,0
DA:192,0
DA:193,0
DA:194,0
DA:196,0
DA:198,0
DA:199,0
DA:200,0
DA:201,0
DA:207,0
DA:208,0
DA:209,0
DA:211,0
DA:213,0
DA:219,0
DA:220,0
DA:221,0
DA:223,0
DA:225,0
DA:234,0
DA:235,0
DA:236,0
DA:238,0
DA:240,0
DA:252,0
DA:253,0
DA:254,0
DA:260,0
DA:262,0
DA:270,0
DA:271,0
DA:273,0
DA:275,0
DA:279,0
DA:280,0
DA:281,0
DA:283,0
DA:285,0
DA:286,0
DA:287,0
DA:292,0
DA:293,0
DA:294,0
DA:296,0
DA:298,0
DA:299,0
DA:300,0
DA:303,0
DA:304,0
DA:306,0
DA:310,0
DA:311,0
DA:317,0
DA:318,0
DA:319,0
DA:324,0
DA:326,0
DA:327,0
DA:328,0
DA:329,0
DA:335,0
DA:336,0
DA:338,0
DA:341,0
DA:344,0
DA:345,0
DA:347,0
DA:348,0
DA:353,0
DA:355,0
DA:356,0
DA:359,0
DA:360,0
DA:362,0
DA:363,0
DA:368,0
DA:370,0
DA:374,0
DA:375,0
DA:376,0
DA:380,0
DA:382,0
DA:384,0
DA:389,0
DA:390,0
DA:395,0
DA:396,0
DA:399,0
DA:400,0
DA:402,0
DA:403,0
DA:407,0
DA:408,0
DA:409,0
DA:413,0
DA:418,0
DA:420,0
DA:421,0
DA:428,0
DA:429,0
DA:430,0
DA:431,0
DA:436,0
DA:438,0
DA:439,0
DA:446,0
DA:447,0
DA:448,0
DA:449,0
DA:451,0
DA:453,0
DA:461,0
DA:462,0
DA:463,0
DA:470,0
DA:472,0
DA:480,0
DA:481,0
DA:482,0
DA:487,0
DA:489,0
DA:490,0
DA:491,0
DA:495,0
DA:496,0
DA:497,0
DA:499,0
DA:500,0
DA:502,0
DA:503,0
DA:504,0
DA:505,0
DA:508,0
DA:509,0
DA:511,0
LF:180
LH:0
BRF:0
BRH:0
end_of_record
TN:
SF:src/components/components.service.ts
FN:7,(anonymous_2)
FN:9,(anonymous_3)
FN:41,(anonymous_4)
FN:75,(anonymous_5)
FN:87,(anonymous_6)
FN:105,(anonymous_7)
FN:135,(anonymous_8)
FN:161,(anonymous_9)
FN:165,(anonymous_10)
FN:169,(anonymous_11)
FN:188,(anonymous_12)
FN:189,(anonymous_13)
FN:190,(anonymous_14)
FN:200,(anonymous_15)
FN:225,(anonymous_16)
FNF:15
FNH:0
FNDA:0,(anonymous_2)
FNDA:0,(anonymous_3)
FNDA:0,(anonymous_4)
FNDA:0,(anonymous_5)
FNDA:0,(anonymous_6)
FNDA:0,(anonymous_7)
FNDA:0,(anonymous_8)
FNDA:0,(anonymous_9)
FNDA:0,(anonymous_10)
FNDA:0,(anonymous_11)
FNDA:0,(anonymous_12)
FNDA:0,(anonymous_13)
FNDA:0,(anonymous_14)
FNDA:0,(anonymous_15)
FNDA:0,(anonymous_16)
DA:1,0
DA:2,0
DA:6,0
DA:7,0
DA:11,0
DA:15,0
DA:16,0
DA:20,0
DA:38,0
DA:49,0
DA:51,0
DA:52,0
DA:55,0
DA:56,0
DA:61,0
DA:62,0
DA:68,0
DA:74,0
DA:76,0
DA:77,0
DA:84,0
DA:88,0
DA:92,0
DA:93,0
DA:96,0
DA:98,0
DA:99,0
DA:102,0
DA:106,0
DA:110,0
DA:111,0
DA:114,0
DA:132,0
DA:136,0
DA:145,0
DA:146,0
DA:150,0
DA:151,0
DA:156,0
DA:162,0
DA:166,0
DA:170,0
DA:179,0
DA:180,0
DA:188,0
DA:189,0
DA:190,0
DA:192,0
DA:201,0
DA:226,0
DA:230,0
LF:51
LH:0
BRDA:15,0,0,0
BRDA:32,1,0,0
BRDA:32,1,1,0
BRDA:33,2,0,0
BRDA:33,2,1,0
BRDA:34,3,0,0
BRDA:34,3,1,0
BRDA:51,4,0,0
BRDA:55,5,0,0
BRDA:55,6,0,0
BRDA:55,6,1,0
BRDA:61,7,0,0
BRDA:87,8,0,0
BRDA:92,9,0,0
BRDA:98,10,0,0
BRDA:110,11,0,0
BRDA:117,12,0,0
BRDA:117,12,1,0
BRDA:118,13,0,0
BRDA:118,13,1,0
BRDA:119,14,0,0
BRDA:119,14,1,0
BRDA:120,15,0,0
BRDA:120,15,1,0
BRDA:121,16,0,0
BRDA:121,16,1,0
BRDA:122,17,0,0
BRDA:122,17,1,0
BRDA:123,18,0,0
BRDA:123,18,1,0
BRDA:124,19,0,0
BRDA:124,19,1,0
BRDA:125,20,0,0
BRDA:125,20,1,0
BRDA:126,21,0,0
BRDA:126,21,1,0
BRDA:127,22,0,0
BRDA:127,22,1,0
BRDA:128,23,0,0
BRDA:128,23,1,0
BRDA:145,24,0,0
BRDA:150,25,0,0
BRDA:179,26,0,0
BRDA:189,27,0,0
BRDA:189,27,1,0
BRDA:190,28,0,0
BRDA:190,28,1,0
BRF:47
BRH:0
end_of_record
TN:
SF:src/components/dto/component-response.dto.ts
FNF:0
FNH:0
DA:1,0
DA:3,0
DA:5,0
DA:8,0
DA:11,0
DA:14,0
DA:17,0
DA:20,0
DA:23,0
DA:26,0
DA:29,0
DA:32,0
DA:35,0
DA:38,0
DA:41,0
DA:44,0
DA:47,0
DA:50,0
DA:53,0
LF:19
LH:0
BRF:0
BRH:0
end_of_record
TN:
SF:src/components/dto/create-component.dto.ts
FN:68,(anonymous_2)
FN:80,(anonymous_3)
FNF:2
FNH:0
FNDA:0,(anonymous_2)
FNDA:0,(anonymous_3)
DA:1,0
DA:2,0
DA:3,0
DA:8,0
DA:11,0
DA:14,0
DA:17,0
DA:20,0
DA:23,0
DA:26,0
DA:32,0
DA:36,0
DA:40,0
DA:43,0
DA:46,0
DA:51,0
DA:55,0
DA:59,0
DA:63,0
DA:68,0
DA:69,0
DA:74,0
DA:80,0
DA:81,0
DA:85,0
DA:91,0
DA:96,0
DA:101,0
LF:28
LH:0
BRF:0
BRH:0
end_of_record
TN:
SF:src/components/dto/update-component.dto.ts
FNF:0
FNH:0
DA:1,0
DA:2,0
DA:4,0
LF:3
LH:0
BRF:0
BRH:0
end_of_record
TN:
SF:src/coordinators/coordinators.controller.ts
FN:24,(anonymous_4)
FN:31,(anonymous_5)
FN:44,(anonymous_6)
FN:72,(anonymous_7)
FN:83,(anonymous_8)
FN:96,(anonymous_9)
FN:104,(anonymous_10)
FN:112,(anonymous_11)
FNF:8
FNH:0
FNDA:0,(anonymous_4)
FNDA:0,(anonymous_5)
FNDA:0,(anonymous_6)
FNDA:0,(anonymous_7)
FNDA:0,(anonymous_8)
FNDA:0,(anonymous_9)
FNDA:0,(anonymous_10)
FNDA:0,(anonymous_11)
DA:1,0
DA:14,0
DA:15,0
DA:16,0
DA:17,0
DA:23,0
DA:24,0
DA:31,0
DA:35,0
DA:44,0
DA:50,0
DA:52,0
DA:53,0
DA:56,0
DA:57,0
DA:60,0
DA:61,0
DA:64,0
DA:72,0
DA:76,0
DA:83,0
DA:87,0
DA:96,0
DA:97,0
DA:104,0
DA:105,0
DA:112,0
DA:113,0
LF:28
LH:0
BRDA:52,0,0,0
BRDA:56,1,0,0
BRDA:60,2,0,0
BRF:3
BRH:0
end_of_record
TN:
SF:src/coordinators/coordinators.module.ts
FNF:0
FNH:0
DA:1,0
DA:2,0
DA:3,0
DA:4,0
DA:12,0
LF:5
LH:0
BRF:0
BRH:0
end_of_record
TN:
SF:src/coordinators/coordinators.service.spec.ts
FN:7,(anonymous_0)
FN:86,(anonymous_1)
FN:98,(anonymous_2)
FN:102,(anonymous_3)
FN:122,(anonymous_4)
FN:144,(anonymous_5)
FN:153,(anonymous_6)
FN:163,(anonymous_7)
FN:178,(anonymous_8)
FN:193,(anonymous_9)
FN:208,(anonymous_10)
FN:223,(anonymous_11)
FN:239,(anonymous_12)
FN:240,(anonymous_13)
FN:253,(anonymous_14)
FN:264,(anonymous_15)
FN:278,(anonymous_16)
FN:295,(anonymous_17)
FN:304,(anonymous_18)
FN:305,(anonymous_19)
FN:317,(anonymous_20)
FN:329,(anonymous_21)
FN:336,(anonymous_22)
FN:343,(anonymous_23)
FN:362,(anonymous_24)
FN:371,(anonymous_25)
FN:381,(anonymous_26)
FN:399,(anonymous_27)
FN:400,(anonymous_28)
FN:414,(anonymous_29)
FN:424,(anonymous_30)
FN:432,(anonymous_31)
FN:433,(anonymous_32)
FN:452,(anonymous_33)
FN:459,(anonymous_34)
FN:460,(anonymous_35)
FN:476,(anonymous_36)
FN:483,(anonymous_37)
FN:484,(anonymous_38)
FN:499,(anonymous_39)
FN:534,(anonymous_40)
FNF:41
FNH:0
FNDA:0,(anonymous_0)
FNDA:0,(anonymous_1)
FNDA:0,(anonymous_2)
FNDA:0,(anonymous_3)
FNDA:0,(anonymous_4)
FNDA:0,(anonymous_5)
FNDA:0,(anonymous_6)
FNDA:0,(anonymous_7)
FNDA:0,(anonymous_8)
FNDA:0,(anonymous_9)
FNDA:0,(anonymous_10)
FNDA:0,(anonymous_11)
FNDA:0,(anonymous_12)
FNDA:0,(anonymous_13)
FNDA:0,(anonymous_14)
FNDA:0,(anonymous_15)
FNDA:0,(anonymous_16)
FNDA:0,(anonymous_17)
FNDA:0,(anonymous_18)
FNDA:0,(anonymous_19)
FNDA:0,(anonymous_20)
FNDA:0,(anonymous_21)
FNDA:0,(anonymous_22)
FNDA:0,(anonymous_23)
FNDA:0,(anonymous_24)
FNDA:0,(anonymous_25)
FNDA:0,(anonymous_26)
FNDA:0,(anonymous_27)
FNDA:0,(anonymous_28)
FNDA:0,(anonymous_29)
FNDA:0,(anonymous_30)
FNDA:0,(anonymous_31)
FNDA:0,(anonymous_32)
FNDA:0,(anonymous_33)
FNDA:0,(anonymous_34)
FNDA:0,(anonymous_35)
FNDA:0,(anonymous_36)
FNDA:0,(anonymous_37)
FNDA:0,(anonymous_38)
FNDA:0,(anonymous_39)
FNDA:0,(anonymous_40)
DA:1,0
DA:2,0
DA:3,0
DA:4,0
DA:7,0
DA:11,0
DA:18,0
DA:24,0
DA:30,0
DA:55,0
DA:67,0
DA:86,0
DA:87,0
DA:94,0
DA:95,0
DA:98,0
DA:99,0
DA:102,0
DA:103,0
DA:122,0
DA:123,0
DA:124,0
DA:125,0
DA:127,0
DA:129,0
DA:130,0
DA:131,0
DA:132,0
DA:133,0
DA:136,0
DA:144,0
DA:145,0
DA:147,0
DA:150,0
DA:153,0
DA:154,0
DA:155,0
DA:157,0
DA:160,0
DA:163,0
DA:164,0
DA:166,0
DA:167,0
DA:172,0
DA:174,0
DA:175,0
DA:178,0
DA:179,0
DA:180,0
DA:181,0
DA:183,0
DA:185,0
DA:193,0
DA:194,0
DA:196,0
DA:197,0
DA:198,0
DA:203,0
DA:205,0
DA:208,0
DA:209,0
DA:211,0
DA:212,0
DA:213,0
DA:218,0
DA:220,0
DA:223,0
DA:224,0
DA:226,0
DA:227,0
DA:228,0
DA:233,0
DA:235,0
DA:239,0
DA:240,0
DA:241,0
DA:243,0
DA:245,0
DA:246,0
DA:247,0
DA:253,0
DA:254,0
DA:256,0
DA:258,0
DA:264,0
DA:265,0
DA:267,0
DA:269,0
DA:278,0
DA:279,0
DA:281,0
DA:283,0
DA:295,0
DA:296,0
DA:298,0
DA:300,0
DA:304,0
DA:305,0
DA:306,0
DA:308,0
DA:310,0
DA:311,0
DA:312,0
DA:317,0
DA:318,0
DA:319,0
DA:321,0
DA:323,0
DA:324,0
DA:325,0
DA:326,0
DA:329,0
DA:330,0
DA:332,0
DA:336,0
DA:337,0
DA:343,0
DA:344,0
DA:345,0
DA:346,0
DA:351,0
DA:353,0
DA:354,0
DA:355,0
DA:356,0
DA:362,0
DA:363,0
DA:365,0
DA:368,0
DA:371,0
DA:372,0
DA:373,0
DA:375,0
DA:378,0
DA:381,0
DA:382,0
DA:386,0
DA:387,0
DA:392,0
DA:394,0
DA:395,0
DA:399,0
DA:400,0
DA:401,0
DA:405,0
DA:407,0
DA:409,0
DA:414,0
DA:415,0
DA:420,0
DA:421,0
DA:424,0
DA:425,0
DA:427,0
DA:428,0
DA:432,0
DA:433,0
DA:434,0
DA:438,0
DA:443,0
DA:445,0
DA:446,0
DA:452,0
DA:453,0
DA:455,0
DA:459,0
DA:460,0
DA:461,0
DA:462,0
DA:467,0
DA:469,0
DA:470,0
DA:476,0
DA:477,0
DA:479,0
DA:483,0
DA:484,0
DA:485,0
DA:486,0
DA:488,0
DA:490,0
DA:499,0
DA:500,0
DA:501,0
DA:525,0
DA:527,0
DA:528,0
DA:529,0
DA:530,0
DA:531,0
DA:534,0
DA:535,0
DA:536,0
DA:553,0
DA:555,0
DA:556,0
DA:557,0
DA:558,0
LF:198
LH:0
BRF:0
BRH:0
end_of_record
TN:
SF:src/coordinators/coordinators.service.ts
FN:7,(anonymous_2)
FN:9,(anonymous_3)
FN:52,(anonymous_4)
FN:82,(anonymous_5)
FN:85,(anonymous_6)
FN:103,(anonymous_7)
FN:145,(anonymous_8)
FN:169,(anonymous_9)
FN:186,(anonymous_10)
FN:203,(anonymous_11)
FN:221,(anonymous_12)
FN:222,(anonymous_13)
FN:223,(anonymous_14)
FN:224,(anonymous_15)
FN:235,(anonymous_16)
FNF:15
FNH:0
FNDA:0,(anonymous_2)
FNDA:0,(anonymous_3)
FNDA:0,(anonymous_4)
FNDA:0,(anonymous_5)
FNDA:0,(anonymous_6)
FNDA:0,(anonymous_7)
FNDA:0,(anonymous_8)
FNDA:0,(anonymous_9)
FNDA:0,(anonymous_10)
FNDA:0,(anonymous_11)
FNDA:0,(anonymous_12)
FNDA:0,(anonymous_13)
FNDA:0,(anonymous_14)
FNDA:0,(anonymous_15)
FNDA:0,(anonymous_16)
DA:1,0
DA:2,0
DA:6,0
DA:7,0
DA:11,0
DA:15,0
DA:16,0
DA:20,0
DA:21,0
DA:28,0
DA:29,0
DA:33,0
DA:49,0
DA:60,0
DA:62,0
DA:63,0
DA:66,0
DA:67,0
DA:70,0
DA:71,0
DA:77,0
DA:82,0
DA:86,0
DA:90,0
DA:91,0
DA:94,0
DA:96,0
DA:97,0
DA:100,0
DA:104,0
DA:108,0
DA:109,0
DA:113,0
DA:114,0
DA:121,0
DA:122,0
DA:126,0
DA:142,0
DA:146,0
DA:153,0
DA:154,0
DA:158,0
DA:159,0
DA:164,0
DA:170,0
DA:174,0
DA:175,0
DA:178,0
DA:183,0
DA:187,0
DA:191,0
DA:192,0
DA:195,0
DA:200,0
DA:204,0
DA:211,0
DA:212,0
DA:221,0
DA:222,0
DA:223,0
DA:224,0
DA:226,0
DA:236,0
LF:63
LH:0
BRDA:15,0,0,0
BRDA:20,1,0,0
BRDA:20,2,0,0
BRDA:20,2,1,0
BRDA:28,3,0,0
BRDA:44,4,0,0
BRDA:44,4,1,0
BRDA:45,5,0,0
BRDA:45,5,1,0
BRDA:62,6,0,0
BRDA:66,7,0,0
BRDA:70,8,0,0
BRDA:85,9,0,0
BRDA:90,10,0,0
BRDA:96,11,0,0
BRDA:108,12,0,0
BRDA:113,13,0,0
BRDA:113,14,0,0
BRDA:113,14,1,0
BRDA:121,15,0,0
BRDA:153,16,0,0
BRDA:158,17,0,0
BRDA:174,18,0,0
BRDA:191,19,0,0
BRDA:211,20,0,0
BRDA:222,21,0,0
BRDA:222,21,1,0
BRDA:223,22,0,0
BRDA:223,22,1,0
BRF:29
BRH:0
end_of_record
TN:
SF:src/coordinators/dto/coordinator-response.dto.ts
FNF:0
FNH:0
DA:1,0
DA:3,0
DA:5,0
DA:8,0
DA:11,0
DA:14,0
DA:17,0
DA:20,0
DA:23,0
DA:26,0
DA:29,0
DA:32,0
DA:35,0
DA:38,0
DA:41,0
DA:44,0
DA:47,0
DA:50,0
LF:18
LH:0
BRF:0
BRH:0
end_of_record
TN:
SF:src/coordinators/dto/create-coordinator.dto.ts
FN:51,(anonymous_2)
FNF:1
FNH:0
FNDA:0,(anonymous_2)
DA:1,0
DA:2,0
DA:3,0
DA:8,0
DA:11,0
DA:14,0
DA:17,0
DA:20,0
DA:23,0
DA:26,0
DA:31,0
DA:34,0
DA:38,0
DA:42,0
DA:46,0
DA:51,0
DA:52,0
DA:57,0
DA:61,0
DA:66,0
DA:71,0
DA:76,0
LF:22
LH:0
BRF:0
BRH:0
end_of_record
TN:
SF:src/coordinators/dto/update-coordinator.dto.ts
FNF:0
FNH:0
DA:1,0
DA:2,0
DA:4,0
LF:3
LH:0
BRF:0
BRH:0
end_of_record
TN:
SF:src/docs/docs.controller.ts
FN:9,(anonymous_4)
FN:35,(anonymous_5)
FN:45,(anonymous_6)
FN:46,(anonymous_7)
FNF:4
FNH:0
FNDA:0,(anonymous_4)
FNDA:0,(anonymous_5)
FNDA:0,(anonymous_6)
FNDA:0,(anonymous_7)
DA:1,0
DA:2,0
DA:3,0
DA:7,0
DA:9,0
DA:11,0
DA:14,0
DA:15,0
DA:18,0
DA:20,0
DA:21,0
DA:24,0
DA:25,0
DA:26,0
DA:27,0
DA:28,0
DA:30,0
DA:35,0
DA:36,0
DA:38,0
DA:39,0
DA:42,0
DA:43,0
DA:44,0
DA:45,0
DA:46,0
DA:51,0
DA:53,0
LF:28
LH:0
BRDA:14,0,0,0
BRDA:20,1,0,0
BRDA:38,2,0,0
BRF:3
BRH:0
end_of_record
TN:
SF:src/docs/docs.module.ts
FNF:0
FNH:0
DA:1,0
DA:2,0
DA:7,0
LF:3
LH:0
BRF:0
BRH:0
end_of_record
TN:
SF:src/epics/epics.controller.ts
FN:31,(anonymous_4)
FN:38,(anonymous_5)
FN:46,(anonymous_6)
FN:56,(anonymous_7)
FN:66,(anonymous_8)
FN:77,(anonymous_9)
FN:87,(anonymous_10)
FN:95,(anonymous_11)
FNF:8
FNH:0
FNDA:0,(anonymous_4)
FNDA:0,(anonymous_5)
FNDA:0,(anonymous_6)
FNDA:0,(anonymous_7)
FNDA:0,(anonymous_8)
FNDA:0,(anonymous_9)
FNDA:0,(anonymous_10)
FNDA:0,(anonymous_11)
DA:1,0
DA:12,0
DA:13,0
DA:20,0
DA:21,0
DA:22,0
DA:23,0
DA:24,0
DA:30,0
DA:31,0
DA:38,0
DA:39,0
DA:46,0
DA:47,0
DA:56,0
DA:57,0
DA:66,0
DA:67,0
DA:77,0
DA:78,0
DA:87,0
DA:88,0
DA:95,0
DA:96,0
LF:24
LH:0
BRF:0
BRH:0
end_of_record
TN:
SF:src/epics/epics.module.ts
FNF:0
FNH:0
DA:1,0
DA:2,0
DA:3,0
DA:4,0
DA:5,0
DA:13,0
LF:6
LH:0
BRF:0
BRH:0
end_of_record
TN:
SF:src/epics/epics.service.spec.ts
FN:8,(anonymous_0)
FN:49,(anonymous_1)
FN:65,(anonymous_2)
FN:73,(anonymous_3)
FN:92,(anonymous_4)
FN:98,(anonymous_5)
FN:113,(anonymous_6)
FN:129,(anonymous_7)
FN:130,(anonymous_8)
FN:141,(anonymous_9)
FN:159,(anonymous_10)
FN:160,(anonymous_11)
FN:174,(anonymous_12)
FN:181,(anonymous_13)
FN:187,(anonymous_14)
FN:202,(anonymous_15)
FN:211,(anonymous_16)
FN:212,(anonymous_17)
FN:226,(anonymous_18)
FNF:19
FNH:0
FNDA:0,(anonymous_0)
FNDA:0,(anonymous_1)
FNDA:0,(anonymous_2)
FNDA:0,(anonymous_3)
FNDA:0,(anonymous_4)
FNDA:0,(anonymous_5)
FNDA:0,(anonymous_6)
FNDA:0,(anonymous_7)
FNDA:0,(anonymous_8)
FNDA:0,(anonymous_9)
FNDA:0,(anonymous_10)
FNDA:0,(anonymous_11)
FNDA:0,(anonymous_12)
FNDA:0,(anonymous_13)
FNDA:0,(anonymous_14)
FNDA:0,(anonymous_15)
FNDA:0,(anonymous_16)
FNDA:0,(anonymous_17)
FNDA:0,(anonymous_18)
DA:1,0
DA:2,0
DA:3,0
DA:4,0
DA:6,0
DA:8,0
DA:13,0
DA:27,0
DA:32,0
DA:37,0
DA:49,0
DA:50,0
DA:58,0
DA:59,0
DA:60,0
DA:62,0
DA:65,0
DA:66,0
DA:73,0
DA:74,0
DA:75,0
DA:76,0
DA:82,0
DA:84,0
DA:85,0
DA:86,0
DA:89,0
DA:92,0
DA:93,0
DA:95,0
DA:98,0
DA:99,0
DA:100,0
DA:101,0
DA:108,0
DA:110,0
DA:113,0
DA:114,0
DA:115,0
DA:116,0
DA:123,0
DA:125,0
DA:129,0
DA:130,0
DA:131,0
DA:135,0
DA:137,0
DA:138,0
DA:141,0
DA:142,0
DA:146,0
DA:148,0
DA:159,0
DA:160,0
DA:161,0
DA:168,0
DA:170,0
DA:171,0
DA:174,0
DA:175,0
DA:177,0
DA:181,0
DA:182,0
DA:187,0
DA:188,0
DA:189,0
DA:196,0
DA:198,0
DA:199,0
DA:202,0
DA:203,0
DA:205,0
DA:211,0
DA:212,0
DA:213,0
DA:217,0
DA:219,0
DA:221,0
DA:226,0
DA:227,0
DA:229,0
LF:81
LH:0
BRF:0
BRH:0
end_of_record
TN:
SF:src/epics/epics.service.ts
FN:13,(anonymous_2)
FN:23,(anonymous_3)
FN:43,(anonymous_4)
FN:87,(anonymous_5)
FN:116,(anonymous_6)
FN:156,(anonymous_7)
FN:190,(anonymous_8)
FN:222,(anonymous_9)
FN:256,(anonymous_10)
FNF:9
FNH:0
FNDA:0,(anonymous_2)
FNDA:0,(anonymous_3)
FNDA:0,(anonymous_4)
FNDA:0,(anonymous_5)
FNDA:0,(anonymous_6)
FNDA:0,(anonymous_7)
FNDA:0,(anonymous_8)
FNDA:0,(anonymous_9)
FNDA:0,(anonymous_10)
DA:1,0
DA:6,0
DA:7,0
DA:8,0
DA:12,0
DA:14,0
DA:15,0
DA:24,0
DA:30,0
DA:31,0
DA:34,0
DA:35,0
DA:45,0
DA:49,0
DA:50,0
DA:54,0
DA:57,0
DA:77,0
DA:79,0
DA:88,0
DA:90,0
DA:91,0
DA:92,0
DA:94,0
DA:117,0
DA:143,0
DA:144,0
DA:147,0
DA:157,0
DA:159,0
DA:160,0
DA:163,0
DA:180,0
DA:182,0
DA:191,0
DA:200,0
DA:201,0
DA:205,0
DA:206,0
DA:211,0
DA:213,0
DA:223,0
DA:225,0
DA:226,0
DA:229,0
DA:246,0
DA:248,0
DA:257,0
DA:258,0
DA:260,0
DA:291,0
DA:310,0
LF:52
LH:0
BRDA:30,0,0,0
BRDA:49,1,0,0
BRDA:91,2,0,0
BRDA:92,3,0,0
BRDA:143,4,0,0
BRDA:159,5,0,0
BRDA:200,6,0,0
BRDA:205,7,0,0
BRDA:225,8,0,0
BRDA:258,9,0,0
BRDA:294,10,0,0
BRDA:294,10,1,0
BRF:12
BRH:0
end_of_record
TN:
SF:src/epics/dto/create-epic.dto.ts
FNF:0
FNH:0
DA:1,0
DA:2,0
DA:4,0
DA:8,0
DA:13,0
DA:18,0
DA:25,0
LF:7
LH:0
BRF:0
BRH:0
end_of_record
TN:
SF:src/epics/dto/filter-epic.dto.ts
FNF:0
FNH:0
DA:1,0
DA:2,0
DA:3,0
DA:5,0
DA:9,0
DA:14,0
LF:6
LH:0
BRF:0
BRH:0
end_of_record
TN:
SF:src/epics/dto/update-epic.dto.ts
FNF:0
FNH:0
DA:1,0
DA:2,0
DA:3,0
DA:4,0
DA:6,0
DA:10,0
LF:6
LH:0
BRF:0
BRH:0
end_of_record
TN:
SF:src/execution/workflow-state.service.spec.ts
FN:5,(anonymous_0)
FN:83,(anonymous_1)
FN:98,(anonymous_2)
FN:102,(anonymous_3)
FN:103,(anonymous_4)
FN:121,(anonymous_5)
FN:150,(anonymous_6)
FN:159,(anonymous_7)
FN:160,(anonymous_8)
FN:218,(anonymous_9)
FN:242,(anonymous_10)
FN:243,(anonymous_11)
FN:276,(anonymous_12)
FN:285,(anonymous_13)
FN:286,(anonymous_14)
FN:310,(anonymous_15)
FN:319,(anonymous_16)
FN:320,(anonymous_17)
FN:342,(anonymous_18)
FN:355,(anonymous_19)
FNF:20
FNH:0
FNDA:0,(anonymous_0)
FNDA:0,(anonymous_1)
FNDA:0,(anonymous_2)
FNDA:0,(anonymous_3)
FNDA:0,(anonymous_4)
FNDA:0,(anonymous_5)
FNDA:0,(anonymous_6)
FNDA:0,(anonymous_7)
FNDA:0,(anonymous_8)
FNDA:0,(anonymous_9)
FNDA:0,(anonymous_10)
FNDA:0,(anonymous_11)
FNDA:0,(anonymous_12)
FNDA:0,(anonymous_13)
FNDA:0,(anonymous_14)
FNDA:0,(anonymous_15)
FNDA:0,(anonymous_16)
FNDA:0,(anonymous_17)
FNDA:0,(anonymous_18)
FNDA:0,(anonymous_19)
DA:1,0
DA:2,0
DA:3,0
DA:5,0
DA:9,0
DA:23,0
DA:83,0
DA:84,0
DA:94,0
DA:95,0
DA:98,0
DA:99,0
DA:102,0
DA:103,0
DA:104,0
DA:106,0
DA:108,0
DA:109,0
DA:110,0
DA:111,0
DA:112,0
DA:113,0
DA:114,0
DA:115,0
DA:116,0
DA:117,0
DA:118,0
DA:121,0
DA:122,0
DA:142,0
DA:144,0
DA:146,0
DA:147,0
DA:150,0
DA:151,0
DA:153,0
DA:159,0
DA:160,0
DA:161,0
DA:201,0
DA:205,0
DA:207,0
DA:208,0
DA:209,0
DA:210,0
DA:211,0
DA:212,0
DA:218,0
DA:219,0
DA:236,0
DA:238,0
DA:242,0
DA:243,0
DA:244,0
DA:263,0
DA:269,0
DA:271,0
DA:272,0
DA:273,0
DA:276,0
DA:277,0
DA:279,0
DA:281,0
DA:285,0
DA:286,0
DA:287,0
DA:288,0
DA:296,0
DA:298,0
DA:299,0
DA:300,0
DA:301,0
DA:302,0
DA:303,0
DA:304,0
DA:305,0
DA:306,0
DA:307,0
DA:310,0
DA:311,0
DA:313,0
DA:319,0
DA:320,0
DA:321,0
DA:328,0
DA:329,0
DA:331,0
DA:333,0
DA:334,0
DA:335,0
DA:336,0
DA:337,0
DA:338,0
DA:339,0
DA:342,0
DA:343,0
DA:344,0
DA:346,0
DA:348,0
DA:355,0
DA:356,0
DA:357,0
DA:359,0
DA:364,0
DA:365,0
DA:366,0
LF:106
LH:0
BRF:0
BRH:0
end_of_record
TN:
SF:src/execution/workflow-state.service.ts
FN:102,(anonymous_2)
FN:107,(anonymous_3)
FN:130,(anonymous_4)
FN:138,(anonymous_5)
FN:220,(anonymous_6)
FN:269,(anonymous_7)
FN:286,(anonymous_8)
FN:306,(anonymous_9)
FN:308,(anonymous_10)
FN:314,(anonymous_11)
FN:339,(anonymous_12)
FN:340,(anonymous_13)
FN:359,(anonymous_14)
FN:368,(anonymous_15)
FN:387,(anonymous_16)
FN:415,(anonymous_17)
FNF:16
FNH:0
FNDA:0,(anonymous_2)
FNDA:0,(anonymous_3)
FNDA:0,(anonymous_4)
FNDA:0,(anonymous_5)
FNDA:0,(anonymous_6)
FNDA:0,(anonymous_7)
FNDA:0,(anonymous_8)
FNDA:0,(anonymous_9)
FNDA:0,(anonymous_10)
FNDA:0,(anonymous_11)
FNDA:0,(anonymous_12)
FNDA:0,(anonymous_13)
FNDA:0,(anonymous_14)
FNDA:0,(anonymous_15)
FNDA:0,(anonymous_16)
FNDA:0,(anonymous_17)
DA:1,0
DA:2,0
DA:101,0
DA:102,0
DA:108,0
DA:124,0
DA:125,0
DA:128,0
DA:129,0
DA:130,0
DA:132,0
DA:137,0
DA:139,0
DA:140,0
DA:141,0
DA:142,0
DA:143,0
DA:144,0
DA:145,0
DA:146,0
DA:147,0
DA:148,0
DA:149,0
DA:166,0
DA:167,0
DA:172,0
DA:173,0
DA:176,0
DA:180,0
DA:220,0
DA:270,0
DA:279,0
DA:281,0
DA:283,0
DA:284,0
DA:285,0
DA:286,0
DA:300,0
DA:307,0
DA:308,0
DA:315,0
DA:334,0
DA:335,0
DA:338,0
DA:339,0
DA:340,0
DA:342,0
DA:353,0
DA:359,0
DA:368,0
DA:388,0
DA:389,0
DA:390,0
DA:393,0
DA:414,0
DA:415,0
LF:56
LH:0
BRDA:124,0,0,0
BRDA:128,1,0,0
BRDA:128,1,1,0
BRDA:130,2,0,0
BRDA:130,2,1,0
BRDA:132,3,0,0
BRDA:132,3,1,0
BRDA:139,4,0,0
BRDA:139,4,1,0
BRDA:140,5,0,0
BRDA:140,5,1,0
BRDA:141,6,0,0
BRDA:141,6,1,0
BRDA:142,7,0,0
BRDA:142,7,1,0
BRDA:143,8,0,0
BRDA:143,8,1,0
BRDA:144,9,0,0
BRDA:144,9,1,0
BRDA:145,10,0,0
BRDA:145,10,1,0
BRDA:146,11,0,0
BRDA:146,11,1,0
BRDA:147,12,0,0
BRDA:147,12,1,0
BRDA:148,13,0,0
BRDA:148,13,1,0
BRDA:167,14,0,0
BRDA:167,14,1,0
BRDA:173,15,0,0
BRDA:173,15,1,0
BRDA:176,16,0,0
BRDA:176,16,1,0
BRDA:184,17,0,0
BRDA:184,17,1,0
BRDA:188,18,0,0
BRDA:188,18,1,0
BRDA:201,19,0,0
BRDA:201,19,1,0
BRDA:201,20,0,0
BRDA:201,20,1,0
BRDA:226,21,0,0
BRDA:226,21,1,0
BRDA:227,22,0,0
BRDA:227,22,1,0
BRDA:229,23,0,0
BRDA:229,23,1,0
BRDA:230,24,0,0
BRDA:230,24,1,0
BRDA:231,25,0,0
BRDA:231,25,1,0
BRDA:232,26,0,0
BRDA:232,26,1,0
BRDA:233,27,0,0
BRDA:233,27,1,0
BRDA:234,28,0,0
BRDA:234,28,1,0
BRDA:235,29,0,0
BRDA:235,29,1,0
BRDA:237,30,0,0
BRDA:237,30,1,0
BRDA:238,31,0,0
BRDA:238,31,1,0
BRDA:239,32,0,0
BRDA:239,32,1,0
BRDA:240,33,0,0
BRDA:240,33,1,0
BRDA:241,34,0,0
BRDA:241,34,1,0
BRDA:243,35,0,0
BRDA:243,35,1,0
BRDA:244,36,0,0
BRDA:244,36,1,0
BRDA:245,37,0,0
BRDA:245,37,1,0
BRDA:246,38,0,0
BRDA:246,38,1,0
BRDA:247,39,0,0
BRDA:247,39,1,0
BRDA:248,40,0,0
BRDA:248,40,1,0
BRDA:250,41,0,0
BRDA:250,41,1,0
BRDA:251,42,0,0
BRDA:251,42,1,0
BRDA:252,43,0,0
BRDA:252,43,1,0
BRDA:253,44,0,0
BRDA:253,44,1,0
BRDA:254,45,0,0
BRDA:254,45,1,0
BRDA:255,46,0,0
BRDA:255,46,1,0
BRDA:257,47,0,0
BRDA:257,47,1,0
BRDA:259,48,0,0
BRDA:259,48,1,0
BRDA:260,49,0,0
BRDA:260,49,1,0
BRDA:261,50,0,0
BRDA:261,50,1,0
BRDA:284,51,0,0
BRDA:284,52,0,0
BRDA:284,52,1,0
BRDA:293,53,0,0
BRDA:293,53,1,0
BRDA:308,54,0,0
BRDA:308,54,1,0
BRDA:334,55,0,0
BRDA:338,56,0,0
BRDA:338,56,1,0
BRDA:358,57,0,0
BRDA:358,57,1,0
BRDA:376,58,0,0
BRDA:376,58,1,0
BRDA:389,59,0,0
BRDA:408,60,0,0
BRDA:408,60,1,0
BRDA:409,61,0,0
BRDA:409,61,1,0
BRDA:419,62,0,0
BRDA:419,62,1,0
BRDA:424,63,0,0
BRDA:424,63,1,0
BRDA:428,64,0,0
BRDA:428,64,1,0
BRDA:429,65,0,0
BRDA:429,65,1,0
BRF:128
BRH:0
end_of_record
TN:
SF:src/impact-analysis/impact-analysis.controller.spec.ts
FN:7,(anonymous_0)
FN:17,(anonymous_1)
FN:36,(anonymous_2)
FN:40,(anonymous_3)
FN:41,(anonymous_4)
FN:51,(anonymous_5)
FN:61,(anonymous_6)
FN:94,(anonymous_7)
FN:117,(anonymous_8)
FN:140,(anonymous_9)
FN:161,(anonymous_10)
FN:162,(anonymous_11)
FN:168,(anonymous_12)
FN:174,(anonymous_13)
FN:205,(anonymous_14)
FN:240,(anonymous_15)
FN:266,(anonymous_16)
FN:267,(anonymous_17)
FN:276,(anonymous_18)
FN:285,(anonymous_19)
FN:294,(anonymous_20)
FN:347,(anonymous_21)
FN:382,(anonymous_22)
FN:420,(anonymous_23)
FN:462,(anonymous_24)
FN:463,(anonymous_25)
FN:466,(anonymous_26)
FN:498,(anonymous_27)
FN:535,(anonymous_28)
FN:573,(anonymous_29)
FN:612,(anonymous_30)
FN:613,(anonymous_31)
FN:651,(anonymous_32)
FN:678,(anonymous_33)
FNF:34
FNH:0
FNDA:0,(anonymous_0)
FNDA:0,(anonymous_1)
FNDA:0,(anonymous_2)
FNDA:0,(anonymous_3)
FNDA:0,(anonymous_4)
FNDA:0,(anonymous_5)
FNDA:0,(anonymous_6)
FNDA:0,(anonymous_7)
FNDA:0,(anonymous_8)
FNDA:0,(anonymous_9)
FNDA:0,(anonymous_10)
FNDA:0,(anonymous_11)
FNDA:0,(anonymous_12)
FNDA:0,(anonymous_13)
FNDA:0,(anonymous_14)
FNDA:0,(anonymous_15)
FNDA:0,(anonymous_16)
FNDA:0,(anonymous_17)
FNDA:0,(anonymous_18)
FNDA:0,(anonymous_19)
FNDA:0,(anonymous_20)
FNDA:0,(anonymous_21)
FNDA:0,(anonymous_22)
FNDA:0,(anonymous_23)
FNDA:0,(anonymous_24)
FNDA:0,(anonymous_25)
FNDA:0,(anonymous_26)
FNDA:0,(anonymous_27)
FNDA:0,(anonymous_28)
FNDA:0,(anonymous_29)
FNDA:0,(anonymous_30)
FNDA:0,(anonymous_31)
FNDA:0,(anonymous_32)
FNDA:0,(anonymous_33)
DA:1,0
DA:2,0
DA:3,0
DA:4,0
DA:5,0
DA:7,0
DA:11,0
DA:17,0
DA:18,0
DA:28,0
DA:31,0
DA:33,0
DA:36,0
DA:37,0
DA:40,0
DA:41,0
DA:42,0
DA:46,0
DA:51,0
DA:52,0
DA:56,0
DA:61,0
DA:62,0
DA:76,0
DA:80,0
DA:85,0
DA:91,0
DA:94,0
DA:95,0
DA:102,0
DA:109,0
DA:117,0
DA:118,0
DA:125,0
DA:132,0
DA:140,0
DA:141,0
DA:148,0
DA:153,0
DA:161,0
DA:162,0
DA:163,0
DA:168,0
DA:169,0
DA:174,0
DA:175,0
DA:189,0
DA:193,0
DA:195,0
DA:202,0
DA:205,0
DA:206,0
DA:220,0
DA:224,0
DA:230,0
DA:237,0
DA:240,0
DA:241,0
DA:250,0
DA:258,0
DA:266,0
DA:267,0
DA:268,0
DA:276,0
DA:277,0
DA:285,0
DA:286,0
DA:294,0
DA:295,0
DA:317,0
DA:321,0
DA:331,0
DA:332,0
DA:333,0
DA:334,0
DA:337,0
DA:340,0
DA:347,0
DA:348,0
DA:370,0
DA:374,0
DA:379,0
DA:382,0
DA:383,0
DA:405,0
DA:409,0
DA:414,0
DA:415,0
DA:420,0
DA:421,0
DA:450,0
DA:454,0
DA:459,0
DA:462,0
DA:463,0
DA:466,0
DA:467,0
DA:481,0
DA:485,0
DA:490,0
DA:493,0
DA:498,0
DA:499,0
DA:518,0
DA:522,0
DA:527,0
DA:530,0
DA:535,0
DA:536,0
DA:558,0
DA:562,0
DA:567,0
DA:573,0
DA:574,0
DA:596,0
DA:600,0
DA:605,0
DA:612,0
DA:613,0
DA:614,0
DA:623,0
DA:632,0
DA:641,0
DA:651,0
DA:652,0
DA:656,0
DA:664,0
DA:672,0
DA:678,0
DA:679,0
DA:683,0
DA:691,0
DA:692,0
DA:699,0
LF:134
LH:0
BRF:0
BRH:0
end_of_record
TN:
SF:src/impact-analysis/impact-analysis.controller.ts
FN:21,(anonymous_4)
FN:35,(anonymous_5)
FN:50,(anonymous_6)
FN:70,(anonymous_7)
FN:115,(anonymous_8)
FN:176,(anonymous_9)
FN:181,(anonymous_10)
FN:193,(anonymous_11)
FN:249,(anonymous_12)
FNF:9
FNH:0
FNDA:0,(anonymous_4)
FNDA:0,(anonymous_5)
FNDA:0,(anonymous_6)
FNDA:0,(anonymous_7)
FNDA:0,(anonymous_8)
FNDA:0,(anonymous_9)
FNDA:0,(anonymous_10)
FNDA:0,(anonymous_11)
FNDA:0,(anonymous_12)
DA:1,0
DA:11,0
DA:12,0
DA:20,0
DA:21,0
DA:35,0
DA:41,0
DA:42,0
DA:44,0
DA:45,0
DA:48,0
DA:50,0
DA:55,0
DA:70,0
DA:77,0
DA:78,0
DA:80,0
DA:81,0
DA:84,0
DA:92,0
DA:115,0
DA:129,0
DA:130,0
DA:132,0
DA:133,0
DA:136,0
DA:144,0
DA:147,0
DA:148,0
DA:149,0
DA:150,0
DA:151,0
DA:155,0
DA:156,0
DA:158,0
DA:159,0
DA:162,0
DA:165,0
DA:168,0
DA:169,0
DA:170,0
DA:175,0
DA:176,0
DA:178,0
DA:179,0
DA:180,0
DA:181,0
DA:185,0
DA:186,0
DA:187,0
DA:191,0
DA:192,0
DA:193,0
DA:196,0
DA:197,0
DA:203,0
DA:204,0
DA:210,0
DA:249,0
DA:259,0
DA:260,0
DA:265,0
DA:267,0
LF:63
LH:0
BRDA:41,0,0,0
BRDA:44,1,0,0
BRDA:51,2,0,0
BRDA:51,2,1,0
BRDA:77,3,0,0
BRDA:80,4,0,0
BRDA:80,5,0,0
BRDA:80,5,1,0
BRDA:88,6,0,0
BRDA:88,6,1,0
BRDA:129,7,0,0
BRDA:132,8,0,0
BRDA:132,9,0,0
BRDA:132,9,1,0
BRDA:139,10,0,0
BRDA:139,10,1,0
BRDA:140,11,0,0
BRDA:140,11,1,0
BRDA:148,12,0,0
BRDA:148,12,1,0
BRDA:150,13,0,0
BRDA:158,14,0,0
BRDA:168,15,0,0
BRDA:176,16,0,0
BRDA:176,16,1,0
BRDA:178,17,0,0
BRDA:185,18,0,0
BRDA:196,19,0,0
BRDA:196,20,0,0
BRDA:196,20,1,0
BRDA:203,21,0,0
BRDA:221,22,0,0
BRDA:221,22,1,0
BRDA:225,23,0,0
BRDA:225,23,1,0
BRDA:259,24,0,0
BRDA:259,25,0,0
BRDA:259,25,1,0
BRDA:259,25,2,0
BRDA:259,25,3,0
BRF:40
BRH:0
end_of_record
TN:
SF:src/impact-analysis/impact-analysis.module.ts
FNF:0
FNH:0
DA:1,0
DA:2,0
DA:3,0
DA:4,0
DA:12,0
LF:5
LH:0
BRF:0
BRH:0
end_of_record
TN:
SF:src/impact-analysis/impact-analysis.service.spec.ts
FN:7,(anonymous_0)
FN:43,(anonymous_1)
FN:61,(anonymous_2)
FN:65,(anonymous_3)
FN:66,(anonymous_4)
FN:81,(anonymous_5)
FN:98,(anonymous_6)
FN:169,(anonymous_7)
FN:209,(anonymous_8)
FN:255,(anonymous_9)
FN:256,(anonymous_10)
FN:267,(anonymous_11)
FN:344,(anonymous_12)
FN:389,(anonymous_13)
FN:455,(anonymous_14)
FN:492,(anonymous_15)
FN:493,(anonymous_16)
FN:522,(anonymous_17)
FN:561,(anonymous_18)
FN:580,(anonymous_19)
FN:581,(anonymous_20)
FN:596,(anonymous_21)
FN:612,(anonymous_22)
FN:641,(anonymous_23)
FNF:24
FNH:0
FNDA:0,(anonymous_0)
FNDA:0,(anonymous_1)
FNDA:0,(anonymous_2)
FNDA:0,(anonymous_3)
FNDA:0,(anonymous_4)
FNDA:0,(anonymous_5)
FNDA:0,(anonymous_6)
FNDA:0,(anonymous_7)
FNDA:0,(anonymous_8)
FNDA:0,(anonymous_9)
FNDA:0,(anonymous_10)
FNDA:0,(anonymous_11)
FNDA:0,(anonymous_12)
FNDA:0,(anonymous_13)
FNDA:0,(anonymous_14)
FNDA:0,(anonymous_15)
FNDA:0,(anonymous_16)
FNDA:0,(anonymous_17)
FNDA:0,(anonymous_18)
FNDA:0,(anonymous_19)
FNDA:0,(anonymous_20)
FNDA:0,(anonymous_21)
FNDA:0,(anonymous_22)
FNDA:0,(anonymous_23)
DA:1,0
DA:2,0
DA:3,0
DA:4,0
DA:5,0
DA:7,0
DA:11,0
DA:43,0
DA:44,0
DA:54,0
DA:55,0
DA:58,0
DA:61,0
DA:62,0
DA:65,0
DA:66,0
DA:67,0
DA:69,0
DA:76,0
DA:81,0
DA:82,0
DA:86,0
DA:88,0
DA:93,0
DA:94,0
DA:95,0
DA:98,0
DA:99,0
DA:104,0
DA:130,0
DA:139,0
DA:140,0
DA:143,0
DA:152,0
DA:156,0
DA:161,0
DA:162,0
DA:163,0
DA:164,0
DA:165,0
DA:166,0
DA:169,0
DA:170,0
DA:171,0
DA:189,0
DA:190,0
DA:192,0
DA:198,0
DA:209,0
DA:210,0
DA:211,0
DA:229,0
DA:238,0
DA:239,0
DA:242,0
DA:243,0
DA:245,0
DA:250,0
DA:251,0
DA:255,0
DA:256,0
DA:257,0
DA:259,0
DA:267,0
DA:268,0
DA:284,0
DA:294,0
DA:303,0
DA:314,0
DA:315,0
DA:318,0
DA:319,0
DA:321,0
DA:327,0
DA:328,0
DA:331,0
DA:339,0
DA:340,0
DA:341,0
DA:344,0
DA:345,0
DA:353,0
DA:354,0
DA:357,0
DA:362,0
DA:370,0
DA:371,0
DA:372,0
DA:375,0
DA:380,0
DA:389,0
DA:390,0
DA:398,0
DA:415,0
DA:416,0
DA:421,0
DA:440,0
DA:442,0
DA:447,0
DA:448,0
DA:449,0
DA:450,0
DA:451,0
DA:452,0
DA:455,0
DA:456,0
DA:464,0
DA:474,0
DA:475,0
DA:479,0
DA:485,0
DA:486,0
DA:487,0
DA:488,0
DA:492,0
DA:493,0
DA:494,0
DA:495,0
DA:504,0
DA:511,0
DA:522,0
DA:523,0
DA:533,0
DA:536,0
DA:542,0
DA:550,0
DA:561,0
DA:562,0
DA:563,0
DA:565,0
DA:572,0
DA:580,0
DA:581,0
DA:582,0
DA:590,0
DA:592,0
DA:593,0
DA:596,0
DA:597,0
DA:607,0
DA:609,0
DA:612,0
DA:613,0
DA:629,0
DA:630,0
DA:632,0
DA:635,0
DA:636,0
DA:641,0
DA:642,0
DA:652,0
DA:657,0
DA:659,0
DA:661,0
DA:662,0
LF:155
LH:0
BRF:0
BRH:0
end_of_record
TN:
SF:src/impact-analysis/impact-analysis.service.ts
FN:67,(anonymous_2)
FN:72,(anonymous_3)
FN:145,(anonymous_4)
FN:176,(anonymous_5)
FN:189,(anonymous_6)
FN:192,(anonymous_7)
FN:195,(anonymous_8)
FN:219,(anonymous_9)
FN:222,(anonymous_10)
FN:225,(anonymous_11)
FN:228,(anonymous_12)
FN:258,(anonymous_13)
FN:393,(anonymous_14)
FN:406,(anonymous_15)
FN:409,(anonymous_16)
FN:412,(anonymous_17)
FN:417,(anonymous_18)
FN:422,(anonymous_19)
FN:426,(anonymous_20)
FN:430,(anonymous_21)
FN:433,(anonymous_22)
FN:456,(anonymous_23)
FN:478,(anonymous_24)
FN:497,(anonymous_25)
FN:502,(anonymous_26)
FN:508,(anonymous_27)
FN:514,(anonymous_28)
FN:567,(anonymous_29)
FNF:28
FNH:0
FNDA:0,(anonymous_2)
FNDA:0,(anonymous_3)
FNDA:0,(anonymous_4)
FNDA:0,(anonymous_5)
FNDA:0,(anonymous_6)
FNDA:0,(anonymous_7)
FNDA:0,(anonymous_8)
FNDA:0,(anonymous_9)
FNDA:0,(anonymous_10)
FNDA:0,(anonymous_11)
FNDA:0,(anonymous_12)
FNDA:0,(anonymous_13)
FNDA:0,(anonymous_14)
FNDA:0,(anonymous_15)
FNDA:0,(anonymous_16)
FNDA:0,(anonymous_17)
FNDA:0,(anonymous_18)
FNDA:0,(anonymous_19)
FNDA:0,(anonymous_20)
FNDA:0,(anonymous_21)
FNDA:0,(anonymous_22)
FNDA:0,(anonymous_23)
FNDA:0,(anonymous_24)
FNDA:0,(anonymous_25)
FNDA:0,(anonymous_26)
FNDA:0,(anonymous_27)
FNDA:0,(anonymous_28)
FNDA:0,(anonymous_29)
DA:1,0
DA:2,0
DA:3,0
DA:66,0
DA:67,0
DA:87,0
DA:90,0
DA:94,0
DA:95,0
DA:99,0
DA:128,0
DA:130,0
DA:131,0
DA:133,0
DA:137,0
DA:145,0
DA:154,0
DA:155,0
DA:164,0
DA:168,0
DA:170,0
DA:172,0
DA:176,0
DA:189,0
DA:192,0
DA:194,0
DA:195,0
DA:199,0
DA:206,0
DA:207,0
DA:211,0
DA:214,0
DA:218,0
DA:219,0
DA:221,0
DA:222,0
DA:224,0
DA:225,0
DA:228,0
DA:231,0
DA:232,0
DA:233,0
DA:234,0
DA:235,0
DA:236,0
DA:237,0
DA:240,0
DA:298,0
DA:301,0
DA:321,0
DA:322,0
DA:328,0
DA:339,0
DA:341,0
DA:342,0
DA:350,0
DA:352,0
DA:359,0
DA:360,0
DA:371,0
DA:393,0
DA:401,0
DA:405,0
DA:406,0
DA:409,0
DA:411,0
DA:412,0
DA:416,0
DA:417,0
DA:421,0
DA:422,0
DA:426,0
DA:429,0
DA:430,0
DA:432,0
DA:434,0
DA:437,0
DA:438,0
DA:439,0
DA:440,0
DA:441,0
DA:442,0
DA:443,0
DA:446,0
DA:456,0
DA:481,0
DA:491,0
DA:492,0
DA:496,0
DA:498,0
DA:502,0
DA:504,0
DA:505,0
DA:508,0
DA:521,0
DA:524,0
DA:534,0
DA:536,0
DA:547,0
DA:550,0
DA:559,0
DA:569,0
DA:581,0
DA:582,0
DA:585,0
DA:588,0
DA:589,0
DA:590,0
DA:597,0
DA:598,0
DA:603,0
LF:111
LH:0
BRDA:87,0,0,0
BRDA:94,1,0,0
BRDA:131,2,0,0
BRDA:190,3,0,0
BRDA:190,3,1,0
BRDA:193,4,0,0
BRDA:193,4,1,0
BRDA:199,5,0,0
BRDA:199,5,1,0
BRDA:200,6,0,0
BRDA:200,6,1,0
BRDA:200,6,2,0
BRDA:200,6,3,0
BRDA:200,6,4,0
BRDA:200,6,5,0
BRDA:207,7,0,0
BRDA:208,8,0,0
BRDA:208,8,1,0
BRDA:208,8,2,0
BRDA:208,8,3,0
BRDA:229,9,0,0
BRDA:229,9,1,0
BRDA:232,10,0,0
BRDA:232,10,1,0
BRDA:234,11,0,0
BRDA:234,11,1,0
BRDA:236,12,0,0
BRDA:296,13,0,0
BRDA:297,14,0,0
BRDA:304,15,0,0
BRDA:304,15,1,0
BRDA:321,16,0,0
BRDA:323,17,0,0
BRDA:323,17,1,0
BRDA:350,18,0,0
BRDA:359,19,0,0
BRDA:364,20,0,0
BRDA:364,20,1,0
BRDA:406,21,0,0
BRDA:406,21,1,0
BRDA:412,22,0,0
BRDA:412,22,1,0
BRDA:414,23,0,0
BRDA:414,23,1,0
BRDA:417,24,0,0
BRDA:417,24,1,0
BRDA:419,25,0,0
BRDA:419,25,1,0
BRDA:422,26,0,0
BRDA:422,26,1,0
BRDA:424,27,0,0
BRDA:424,27,1,0
BRDA:427,28,0,0
BRDA:427,28,1,0
BRDA:430,29,0,0
BRDA:430,29,1,0
BRDA:434,30,0,0
BRDA:434,30,1,0
BRDA:434,30,2,0
BRDA:438,31,0,0
BRDA:438,31,1,0
BRDA:440,32,0,0
BRDA:440,32,1,0
BRDA:442,33,0,0
BRDA:491,34,0,0
BRDA:498,35,0,0
BRDA:498,35,1,0
BRDA:504,36,0,0
BRDA:521,37,0,0
BRDA:534,38,0,0
BRDA:534,38,1,0
BRDA:581,39,0,0
BRDA:581,40,0,0
BRDA:581,40,1,0
BRDA:581,40,2,0
BRDA:597,41,0,0
BRF:76
BRH:0
end_of_record
TN:
SF:src/mcp/server.ts
FN:56,(anonymous_1)
FN:77,(anonymous_2)
FN:91,(anonymous_3)
FN:137,main
FN:151,(anonymous_5)
FN:163,(anonymous_6)
FN:169,(anonymous_7)
FN:176,(anonymous_8)
FNF:8
FNH:0
FNDA:0,(anonymous_1)
FNDA:0,(anonymous_2)
FNDA:0,(anonymous_3)
FNDA:0,main
FNDA:0,(anonymous_5)
FNDA:0,(anonymous_6)
FNDA:0,(anonymous_7)
FNDA:0,(anonymous_8)
DA:9,0
DA:10,0
DA:11,0
DA:12,0
DA:16,0
DA:17,0
DA:18,0
DA:22,0
DA:25,0
DA:30,0
DA:31,0
DA:34,0
DA:56,0
DA:57,0
DA:60,0
DA:62,0
DA:64,0
DA:66,0
DA:67,0
DA:77,0
DA:78,0
DA:80,0
DA:81,0
DA:82,0
DA:87,0
DA:88,0
DA:89,0
DA:90,0
DA:91,0
DA:92,0
DA:93,0
DA:94,0
DA:95,0
DA:97,0
DA:101,0
DA:104,0
DA:105,0
DA:106,0
DA:108,0
DA:109,0
DA:118,0
DA:119,0
DA:121,0
DA:139,0
DA:140,0
DA:143,0
DA:144,0
DA:147,0
DA:148,0
DA:151,0
DA:152,0
DA:155,0
DA:156,0
DA:157,0
DA:158,0
DA:159,0
DA:163,0
DA:164,0
DA:165,0
DA:166,0
DA:169,0
DA:170,0
DA:171,0
DA:172,0
DA:176,0
DA:177,0
DA:178,0
LF:67
LH:0
BRDA:22,0,0,0
BRDA:22,0,1,0
BRDA:26,1,0,0
BRDA:26,1,1,0
BRDA:87,2,0,0
BRDA:87,2,1,0
BRDA:92,3,0,0
BRDA:92,3,1,0
BRDA:139,4,0,0
BRDA:139,4,1,0
BRDA:140,5,0,0
BRDA:140,5,1,0
BRF:12
BRH:0
end_of_record
TN:
SF:src/mcp/types.ts
FN:375,(anonymous_0)
FN:388,(anonymous_1)
FN:409,(anonymous_2)
FN:416,(anonymous_3)
FNF:4
FNH:0
FNDA:0,(anonymous_0)
FNDA:0,(anonymous_1)
FNDA:0,(anonymous_2)
FNDA:0,(anonymous_3)
DA:371,0
DA:377,0
DA:378,0
DA:381,0
DA:382,0
DA:383,0
DA:387,0
DA:389,0
DA:394,0
DA:395,0
DA:398,0
DA:399,0
DA:400,0
DA:402,0
DA:403,0
DA:408,0
DA:410,0
DA:411,0
DA:415,0
DA:417,0
DA:418,0
LF:21
LH:0
BRDA:378,0,0,0
BRDA:399,1,0,0
BRDA:402,2,0,0
BRF:3
BRH:0
end_of_record
TN:
SF:src/mcp/utils.ts
FN:19,formatProject
FN:38,formatEpic
FN:58,formatStory
FN:79,(anonymous_3)
FN:96,(anonymous_4)
FN:113,(anonymous_5)
FN:118,(anonymous_6)
FN:133,generateNextKey
FN:171,validateRequired
FN:172,(anonymous_9)
FN:181,handlePrismaError
FN:205,getSystemUserId
FN:229,safeJsonParse
FN:260,extractErrorContext
FN:275,generateSuggestions
FN:323,generateNextSteps
FN:349,generateHints
FN:371,formatError
FNF:18
FNH:0
FNDA:0,formatProject
FNDA:0,formatEpic
FNDA:0,formatStory
FNDA:0,(anonymous_3)
FNDA:0,(anonymous_4)
FNDA:0,(anonymous_5)
FNDA:0,(anonymous_6)
FNDA:0,generateNextKey
FNDA:0,validateRequired
FNDA:0,(anonymous_9)
FNDA:0,handlePrismaError
FNDA:0,getSystemUserId
FNDA:0,safeJsonParse
FNDA:0,extractErrorContext
FNDA:0,generateSuggestions
FNDA:0,generateNextSteps
FNDA:0,generateHints
FNDA:0,formatError
DA:6,0
DA:19,0
DA:20,0
DA:38,0
DA:39,0
DA:58,0
DA:59,0
DA:77,0
DA:78,0
DA:79,0
DA:95,0
DA:96,0
DA:112,0
DA:113,0
DA:118,0
DA:127,0
DA:133,0
DA:138,0
DA:142,0
DA:154,0
DA:155,0
DA:156,0
DA:157,0
DA:158,0
DA:159,0
DA:160,0
DA:165,0
DA:171,0
DA:172,0
DA:173,0
DA:174,0
DA:181,0
DA:182,0
DA:184,0
DA:185,0
DA:190,0
DA:191,0
DA:194,0
DA:195,0
DA:198,0
DA:205,0
DA:207,0
DA:211,0
DA:213,0
DA:223,0
DA:229,0
DA:230,0
DA:231,0
DA:233,0
DA:261,0
DA:264,0
DA:265,0
DA:266,0
DA:269,0
DA:276,0
DA:277,0
DA:280,0
DA:281,0
DA:282,0
DA:283,0
DA:284,0
DA:285,0
DA:286,0
DA:287,0
DA:288,0
DA:293,0
DA:294,0
DA:295,0
DA:296,0
DA:300,0
DA:301,0
DA:302,0
DA:306,0
DA:307,0
DA:308,0
DA:312,0
DA:313,0
DA:314,0
DA:317,0
DA:324,0
DA:325,0
DA:327,0
DA:328,0
DA:329,0
DA:330,0
DA:333,0
DA:334,0
DA:335,0
DA:338,0
DA:339,0
DA:340,0
DA:343,0
DA:350,0
DA:351,0
DA:353,0
DA:354,0
DA:357,0
DA:358,0
DA:361,0
DA:362,0
DA:365,0
DA:371,0
DA:372,0
DA:379,0
DA:380,0
DA:381,0
DA:382,0
DA:385,0
DA:386,0
DA:390,0
DA:391,0
DA:396,0
DA:397,0
DA:398,0
DA:401,0
DA:402,0
DA:407,0
DA:408,0
DA:412,0
DA:413,0
DA:414,0
DA:418,0
DA:419,0
DA:420,0
DA:423,0
LF:125
LH:0
BRDA:19,0,0,0
BRDA:28,1,0,0
BRDA:28,1,1,0
BRDA:29,2,0,0
BRDA:29,2,1,0
BRDA:30,3,0,0
BRDA:30,3,1,0
BRDA:38,4,0,0
BRDA:49,5,0,0
BRDA:49,5,1,0
BRDA:50,6,0,0
BRDA:50,6,1,0
BRDA:58,7,0,0
BRDA:77,8,0,0
BRDA:78,9,0,0
BRDA:95,10,0,0
BRDA:102,11,0,0
BRDA:102,11,1,0
BRDA:112,12,0,0
BRDA:138,13,0,0
BRDA:138,13,1,0
BRDA:142,14,0,0
BRDA:142,14,1,0
BRDA:157,15,0,0
BRDA:159,16,0,0
BRDA:173,17,0,0
BRDA:184,18,0,0
BRDA:186,19,0,0
BRDA:186,19,1,0
BRDA:190,20,0,0
BRDA:194,21,0,0
BRDA:211,22,0,0
BRDA:265,23,0,0
BRDA:277,24,0,0
BRDA:277,24,1,0
BRDA:280,25,0,0
BRDA:281,26,0,0
BRDA:281,26,1,0
BRDA:284,27,0,0
BRDA:284,27,1,0
BRDA:284,28,0,0
BRDA:284,28,1,0
BRDA:287,29,0,0
BRDA:293,30,0,0
BRDA:293,31,0,0
BRDA:293,31,1,0
BRDA:300,32,0,0
BRDA:300,33,0,0
BRDA:300,33,1,0
BRDA:306,34,0,0
BRDA:306,35,0,0
BRDA:306,35,1,0
BRDA:312,36,0,0
BRDA:312,37,0,0
BRDA:312,37,1,0
BRDA:325,38,0,0
BRDA:325,38,1,0
BRDA:327,39,0,0
BRDA:333,40,0,0
BRDA:333,41,0,0
BRDA:333,41,1,0
BRDA:338,42,0,0
BRDA:338,43,0,0
BRDA:338,43,1,0
BRDA:338,43,2,0
BRDA:351,44,0,0
BRDA:351,44,1,0
BRDA:353,45,0,0
BRDA:357,46,0,0
BRDA:357,47,0,0
BRDA:357,47,1,0
BRDA:361,48,0,0
BRDA:373,49,0,0
BRDA:373,49,1,0
BRDA:379,50,0,0
BRDA:385,51,0,0
BRDA:390,52,0,0
BRDA:390,53,0,0
BRDA:390,53,1,0
BRDA:397,54,0,0
BRDA:401,55,0,0
BRDA:407,56,0,0
BRDA:407,57,0,0
BRDA:407,57,1,0
BRDA:413,58,0,0
BRDA:419,59,0,0
BRF:86
BRH:0
end_of_record
TN:
SF:src/mcp/core/loader.ts
FN:30,(anonymous_10)
FN:37,(anonymous_11)
FN:50,(anonymous_12)
FN:57,(anonymous_13)
FN:80,(anonymous_14)
FN:88,(anonymous_15)
FN:114,(anonymous_16)
FN:116,(anonymous_17)
FN:122,(anonymous_18)
FNF:9
FNH:0
FNDA:0,(anonymous_10)
FNDA:0,(anonymous_11)
FNDA:0,(anonymous_12)
FNDA:0,(anonymous_13)
FNDA:0,(anonymous_14)
FNDA:0,(anonymous_15)
FNDA:0,(anonymous_16)
FNDA:0,(anonymous_17)
FNDA:0,(anonymous_18)
DA:8,0
DA:9,0
DA:10,0
DA:26,0
DA:27,0
DA:31,0
DA:38,0
DA:39,0
DA:41,0
DA:44,0
DA:48,0
DA:49,0
DA:50,0
DA:52,0
DA:55,0
DA:56,0
DA:57,0
DA:61,0
DA:62,0
DA:63,0
DA:64,0
DA:65,0
DA:70,0
DA:72,0
DA:73,0
DA:82,0
DA:83,0
DA:86,0
DA:87,0
DA:88,0
DA:90,0
DA:91,0
DA:92,0
DA:95,0
DA:102,0
DA:104,0
DA:106,0
DA:107,0
DA:115,0
DA:116,0
DA:123,0
LF:41
LH:0
BRDA:37,0,0,0
BRDA:44,1,0,0
BRDA:44,1,1,0
BRDA:52,2,0,0
BRDA:57,3,0,0
BRDA:57,3,1,0
BRDA:57,3,2,0
BRDA:64,4,0,0
BRDA:82,5,0,0
BRDA:90,6,0,0
BRDA:90,7,0,0
BRDA:90,7,1,0
BRDA:116,8,0,0
BRDA:116,8,1,0
BRF:14
BRH:0
end_of_record
TN:
SF:src/mcp/core/registry.ts
FN:18,(anonymous_0)
FN:26,(anonymous_1)
FN:34,(anonymous_2)
FN:36,(anonymous_3)
FN:42,(anonymous_4)
FN:56,(anonymous_5)
FN:69,(anonymous_6)
FN:72,(anonymous_7)
FN:83,(anonymous_8)
FN:90,(anonymous_9)
FN:101,(anonymous_10)
FNF:11
FNH:0
FNDA:0,(anonymous_0)
FNDA:0,(anonymous_1)
FNDA:0,(anonymous_2)
FNDA:0,(anonymous_3)
FNDA:0,(anonymous_4)
FNDA:0,(anonymous_5)
FNDA:0,(anonymous_6)
FNDA:0,(anonymous_7)
FNDA:0,(anonymous_8)
FNDA:0,(anonymous_9)
FNDA:0,(anonymous_10)
DA:12,0
DA:14,0
DA:19,0
DA:20,0
DA:27,0
DA:35,0
DA:36,0
DA:43,0
DA:45,0
DA:46,0
DA:50,0
DA:61,0
DA:62,0
DA:63,0
DA:66,0
DA:67,0
DA:68,0
DA:70,0
DA:72,0
DA:74,0
DA:77,0
DA:80,0
DA:82,0
DA:83,0
DA:89,0
DA:90,0
DA:100,0
DA:101,0
DA:113,0
LF:29
LH:0
BRDA:26,0,0,0
BRDA:35,1,0,0
BRDA:35,1,1,0
BRDA:45,2,0,0
BRDA:66,3,0,0
BRDA:70,4,0,0
BRDA:70,4,1,0
BRDA:70,4,2,0
BRDA:80,5,0,0
BRDA:80,5,1,0
BRDA:80,5,2,0
BRDA:80,5,3,0
BRF:12
BRH:0
end_of_record
TN:
SF:src/mcp/generators/component-agent-generator.ts
FN:9,(anonymous_0)
FN:18,(anonymous_1)
FN:25,(anonymous_2)
FN:34,(anonymous_3)
FN:38,(anonymous_4)
FN:107,(anonymous_5)
FNF:6
FNH:0
FNDA:0,(anonymous_0)
FNDA:0,(anonymous_1)
FNDA:0,(anonymous_2)
FNDA:0,(anonymous_3)
FNDA:0,(anonymous_4)
FNDA:0,(anonymous_5)
DA:3,0
DA:10,0
DA:11,0
DA:13,0
DA:15,0
DA:19,0
DA:20,0
DA:22,0
DA:26,0
DA:27,0
DA:29,0
DA:34,0
DA:39,0
DA:42,0
DA:43,0
DA:46,0
DA:47,0
DA:48,0
DA:49,0
DA:53,0
DA:54,0
DA:55,0
DA:56,0
DA:59,0
DA:60,0
DA:61,0
DA:62,0
DA:65,0
DA:66,0
DA:67,0
DA:68,0
DA:71,0
DA:72,0
DA:73,0
DA:74,0
DA:75,0
DA:76,0
DA:77,0
DA:81,0
DA:82,0
DA:83,0
DA:84,0
DA:85,0
DA:86,0
DA:87,0
DA:91,0
DA:92,0
DA:93,0
DA:94,0
DA:97,0
DA:98,0
DA:99,0
DA:100,0
DA:101,0
DA:102,0
DA:104,0
DA:108,0
LF:57
LH:0
BRDA:26,0,0,0
BRDA:26,0,1,0
BRDA:27,1,0,0
BRDA:27,1,1,0
BRDA:31,2,0,0
BRDA:31,2,1,0
BRDA:46,3,0,0
BRDA:55,4,0,0
BRDA:55,4,1,0
BRDA:61,5,0,0
BRDA:61,5,1,0
BRDA:67,6,0,0
BRDA:67,6,1,0
BRDA:71,7,0,0
BRDA:71,8,0,0
BRDA:71,8,1,0
BRDA:81,9,0,0
BRDA:81,10,0,0
BRDA:81,10,1,0
BRDA:93,11,0,0
BRDA:93,11,1,0
BRDA:100,12,0,0
BRDA:100,12,1,0
BRF:23
BRH:0
end_of_record
TN:
SF:src/mcp/generators/coordinator-agent-generator.ts
FN:20,(anonymous_0)
FN:32,(anonymous_1)
FN:39,(anonymous_2)
FN:58,(anonymous_3)
FN:62,(anonymous_4)
FN:204,(anonymous_5)
FN:266,(anonymous_6)
FN:296,(anonymous_7)
FN:304,(anonymous_8)
FNF:9
FNH:0
FNDA:0,(anonymous_0)
FNDA:0,(anonymous_1)
FNDA:0,(anonymous_2)
FNDA:0,(anonymous_3)
FNDA:0,(anonymous_4)
FNDA:0,(anonymous_5)
FNDA:0,(anonymous_6)
FNDA:0,(anonymous_7)
FNDA:0,(anonymous_8)
DA:13,0
DA:24,0
DA:25,0
DA:27,0
DA:29,0
DA:33,0
DA:34,0
DA:36,0
DA:41,0
DA:50,0
DA:51,0
DA:53,0
DA:58,0
DA:63,0
DA:66,0
DA:67,0
DA:68,0
DA:69,0
DA:70,0
DA:73,0
DA:74,0
DA:75,0
DA:76,0
DA:78,0
DA:79,0
DA:80,0
DA:81,0
DA:82,0
DA:83,0
DA:84,0
DA:85,0
DA:86,0
DA:87,0
DA:88,0
DA:89,0
DA:90,0
DA:91,0
DA:92,0
DA:93,0
DA:94,0
DA:96,0
DA:97,0
DA:98,0
DA:99,0
DA:100,0
DA:101,0
DA:102,0
DA:103,0
DA:104,0
DA:105,0
DA:106,0
DA:107,0
DA:108,0
DA:109,0
DA:110,0
DA:112,0
DA:113,0
DA:114,0
DA:115,0
DA:116,0
DA:117,0
DA:118,0
DA:119,0
DA:120,0
DA:121,0
DA:122,0
DA:123,0
DA:124,0
DA:125,0
DA:126,0
DA:127,0
DA:128,0
DA:129,0
DA:130,0
DA:131,0
DA:132,0
DA:133,0
DA:134,0
DA:135,0
DA:136,0
DA:137,0
DA:138,0
DA:139,0
DA:140,0
DA:141,0
DA:142,0
DA:143,0
DA:144,0
DA:145,0
DA:146,0
DA:147,0
DA:148,0
DA:149,0
DA:150,0
DA:151,0
DA:152,0
DA:153,0
DA:154,0
DA:155,0
DA:156,0
DA:158,0
DA:159,0
DA:160,0
DA:161,0
DA:162,0
DA:163,0
DA:164,0
DA:165,0
DA:166,0
DA:167,0
DA:168,0
DA:169,0
DA:170,0
DA:171,0
DA:172,0
DA:173,0
DA:174,0
DA:175,0
DA:176,0
DA:177,0
DA:179,0
DA:180,0
DA:181,0
DA:182,0
DA:183,0
DA:184,0
DA:185,0
DA:186,0
DA:187,0
DA:188,0
DA:189,0
DA:190,0
DA:191,0
DA:192,0
DA:193,0
DA:194,0
DA:195,0
DA:197,0
DA:198,0
DA:199,0
DA:200,0
DA:202,0
DA:203,0
DA:204,0
DA:205,0
DA:207,0
DA:208,0
DA:209,0
DA:210,0
DA:211,0
DA:212,0
DA:214,0
DA:216,0
DA:218,0
DA:219,0
DA:220,0
DA:221,0
DA:222,0
DA:223,0
DA:224,0
DA:225,0
DA:226,0
DA:227,0
DA:228,0
DA:229,0
DA:230,0
DA:231,0
DA:232,0
DA:233,0
DA:234,0
DA:236,0
DA:237,0
DA:238,0
DA:239,0
DA:240,0
DA:241,0
DA:242,0
DA:243,0
DA:244,0
DA:245,0
DA:247,0
DA:248,0
DA:249,0
DA:250,0
DA:251,0
DA:252,0
DA:253,0
DA:254,0
DA:255,0
DA:258,0
DA:259,0
DA:260,0
DA:263,0
DA:264,0
DA:265,0
DA:266,0
DA:267,0
DA:268,0
DA:269,0
DA:270,0
DA:272,0
DA:277,0
DA:278,0
DA:279,0
DA:280,0
DA:283,0
DA:284,0
DA:285,0
DA:286,0
DA:287,0
DA:288,0
DA:289,0
DA:293,0
DA:294,0
DA:295,0
DA:296,0
DA:297,0
DA:298,0
DA:301,0
DA:305,0
LF:220
LH:0
BRDA:50,0,0,0
BRDA:50,0,1,0
[...]
BRDA:462,24,1,1
BRDA:463,25,0,1
BRDA:487,26,0,0
BRDA:487,26,1,0
BRDA:503,27,0,1
BRDA:555,28,0,0
BRDA:555,28,1,0
BRDA:561,29,0,0
BRDA:561,29,1,0
BRDA:573,30,0,0
BRDA:573,30,1,0
BRDA:579,31,0,0
BRDA:579,31,1,0
BRDA:606,32,0,0
BRDA:606,32,1,0
BRDA:607,33,0,0
BRDA:607,33,1,0
BRDA:608,34,0,0
BRDA:608,34,1,0
BRDA:619,35,0,0
BRDA:619,35,1,0
BRDA:622,36,0,0
BRDA:670,37,0,0
BRDA:670,37,1,0
BRDA:676,38,0,0
BRDA:676,38,1,0
BRDA:677,39,0,0
BRDA:677,39,1,0
BRDA:678,40,0,0
BRDA:678,40,1,0
BRDA:703,41,0,3
BRDA:703,41,1,19
BRDA:707,42,0,2
BRDA:712,43,0,3
BRDA:713,44,0,19
BRDA:713,44,1,17
BRDA:725,45,0,1
BRDA:739,46,0,10
BRDA:739,46,1,0
BRDA:771,47,0,257
BRDA:771,47,1,0
BRDA:776,48,0,4
BRDA:779,49,0,253
BRDA:786,50,0,62510
BRDA:786,50,1,0
BRDA:788,51,0,257
BRDA:790,52,0,256
BRDA:799,53,0,1
BRDA:802,54,0,1
BRDA:803,55,0,1
BRDA:803,55,1,0
BRDA:806,56,0,1
BRDA:807,57,0,0
BRDA:810,58,0,0
BRDA:850,59,0,1
BRDA:855,60,0,2
BRDA:855,60,1,0
BRDA:857,61,0,2
BRDA:857,61,1,0
BRDA:860,62,0,0
BRDA:860,62,1,0
BRDA:861,63,0,0
BRDA:861,63,1,0
BRDA:862,64,0,0
BRDA:862,64,1,0
BRDA:866,65,0,0
BRDA:866,65,1,0
BRDA:871,66,0,0
BRDA:875,67,0,0
BRDA:875,67,1,0
BRDA:879,68,0,0
BRDA:879,68,1,0
BRDA:900,69,0,2
BRDA:907,70,0,0
BRDA:912,71,0,0
BRDA:920,72,0,2
BRDA:920,72,1,0
BRDA:920,73,0,2
BRDA:920,73,1,2
BRDA:928,74,0,1
BRF:119
BRH:55
end_of_record
TN:
SF:src/workers/processors/embedding.processor.ts
FN:23,(anonymous_5)
FN:39,(anonymous_6)
FN:82,(anonymous_7)
FN:116,(anonymous_8)
FN:134,(anonymous_9)
FN:148,(anonymous_10)
FNF:6
FNH:0
FNDA:0,(anonymous_5)
FNDA:0,(anonymous_6)
FNDA:0,(anonymous_7)
FNDA:0,(anonymous_8)
FNDA:0,(anonymous_9)
FNDA:0,(anonymous_10)
DA:1,0
DA:2,0
DA:3,0
DA:5,0
DA:6,0
DA:7,0
DA:19,0
DA:20,0
DA:24,0
DA:25,0
DA:27,0
DA:28,0
DA:29,0
DA:31,0
DA:39,0
DA:43,0
DA:44,0
DA:46,0
DA:47,0
DA:48,0
DA:52,0
DA:57,0
DA:60,0
DA:69,0
DA:70,0
DA:72,0
DA:73,0
DA:82,0
DA:83,0
DA:84,0
DA:86,0
DA:88,0
DA:106,0
DA:109,0
DA:110,0
DA:112,0
DA:113,0
DA:115,0
DA:117,0
DA:118,0
DA:124,0
DA:130,0
DA:131,0
DA:134,0
DA:137,0
DA:138,0
DA:140,0
DA:141,0
DA:154,0
DA:156,0
DA:157,0
DA:160,0
DA:163,0
LF:53
LH:0
BRDA:28,0,0,0
BRDA:28,0,1,0
BRDA:47,1,0,0
BRDA:121,2,0,0
BRDA:121,2,1,0
BRDA:121,2,2,0
BRDA:122,3,0,0
BRDA:122,3,1,0
BRDA:156,4,0,0
BRDA:157,5,0,0
BRDA:157,5,1,0
BRF:11
BRH:0
end_of_record
TN:
SF:src/workers/processors/metrics-aggregator.processor.ts
FN:26,(anonymous_2)
FN:33,(anonymous_3)
FN:53,(anonymous_4)
FN:54,(anonymous_5)
FN:59,(anonymous_6)
FN:68,(anonymous_7)
FN:69,(anonymous_8)
FN:70,(anonymous_9)
FN:125,(anonymous_10)
FN:213,(anonymous_11)
FN:282,(anonymous_12)
FNF:11
FNH:0
FNDA:0,(anonymous_2)
FNDA:0,(anonymous_3)
FNDA:0,(anonymous_4)
FNDA:0,(anonymous_5)
FNDA:0,(anonymous_6)
FNDA:0,(anonymous_7)
FNDA:0,(anonymous_8)
FNDA:0,(anonymous_9)
FNDA:0,(anonymous_10)
FNDA:0,(anonymous_11)
FNDA:0,(anonymous_12)
DA:1,0
DA:2,0
DA:4,0
DA:5,0
DA:23,0
DA:24,0
DA:26,0
DA:33,0
DA:34,0
DA:35,0
DA:37,0
DA:39,0
DA:48,0
DA:49,0
DA:53,0
DA:54,0
DA:55,0
DA:58,0
DA:59,0
DA:64,0
DA:67,0
DA:68,0
DA:69,0
DA:70,0
DA:73,0
DA:74,0
DA:77,0
DA:80,0
DA:101,0
DA:105,0
DA:115,0
DA:116,0
DA:125,0
DA:126,0
DA:127,0
DA:129,0
DA:131,0
DA:143,0
DA:145,0
DA:146,0
DA:147,0
DA:148,0
DA:150,0
DA:154,0
DA:156,0
DA:158,0
DA:159,0
DA:160,0
DA:161,0
DA:162,0
DA:164,0
DA:165,0
DA:166,0
DA:167,0
DA:168,0
DA:169,0
DA:170,0
DA:175,0
DA:176,0
DA:177,0
DA:178,0
DA:179,0
DA:181,0
DA:196,0
DA:198,0
DA:203,0
DA:204,0
DA:213,0
DA:214,0
DA:215,0
DA:217,0
DA:219,0
DA:220,0
DA:222,0
DA:240,0
DA:242,0
DA:243,0
DA:245,0
DA:246,0
DA:255,0
DA:256,0
DA:258,0
DA:259,0
DA:260,0
DA:261,0
DA:262,0
DA:266,0
DA:267,0
DA:269,0
DA:274,0
DA:275,0
DA:283,0
DA:284,0
DA:285,0
DA:286,0
DA:287,0
LF:96
LH:0
BRDA:48,0,0,0
BRDA:53,1,0,0
BRDA:53,1,1,0
BRDA:54,2,0,0
BRDA:54,2,1,0
BRDA:59,3,0,0
BRDA:59,3,1,0
BRDA:59,4,0,0
BRDA:59,4,1,0
BRDA:68,5,0,0
BRDA:68,5,1,0
BRDA:73,6,0,0
BRDA:73,6,1,0
BRDA:74,7,0,0
BRDA:74,7,1,0
BRDA:146,8,0,0
BRDA:146,8,1,0
BRDA:147,9,0,0
BRDA:166,10,0,0
BRDA:167,11,0,0
BRDA:167,11,1,0
BRDA:168,12,0,0
BRDA:168,12,1,0
BRDA:169,13,0,0
BRDA:169,13,1,0
BRDA:170,14,0,0
BRDA:170,14,1,0
BRDA:175,15,0,0
BRDA:175,15,1,0
BRDA:176,16,0,0
BRDA:176,16,1,0
BRDA:177,17,0,0
BRDA:177,17,1,0
BRDA:178,18,0,0
BRDA:178,18,1,0
BRDA:179,19,0,0
BRDA:179,19,1,0
BRDA:245,20,0,0
BRDA:259,21,0,0
BRDA:260,22,0,0
BRDA:260,22,1,0
BRDA:261,23,0,0
BRDA:261,23,1,0
BRDA:262,24,0,0
BRDA:262,24,1,0
BRF:45
BRH:0
end_of_record
TN:
SF:src/workers/processors/notification.processor.ts
FN:21,(anonymous_2)
FN:30,(anonymous_3)
FN:63,(anonymous_4)
FN:84,(anonymous_5)
FN:100,(anonymous_6)
FN:112,(anonymous_7)
FN:131,(anonymous_8)
FN:159,(anonymous_9)
FN:189,(anonymous_10)
FNF:9
FNH:0
FNDA:0,(anonymous_2)
FNDA:0,(anonymous_3)
FNDA:0,(anonymous_4)
FNDA:0,(anonymous_5)
FNDA:0,(anonymous_6)
FNDA:0,(anonymous_7)
FNDA:0,(anonymous_8)
FNDA:0,(anonymous_9)
FNDA:0,(anonymous_10)
DA:1,0
DA:2,0
DA:4,0
DA:5,0
DA:6,0
DA:18,0
DA:19,0
DA:22,0
DA:23,0
DA:30,0
DA:37,0
DA:38,0
DA:40,0
DA:41,0
DA:43,0
DA:46,0
DA:49,0
DA:52,0
DA:55,0
DA:56,0
DA:68,0
DA:69,0
DA:76,0
DA:77,0
DA:92,0
DA:93,0
DA:94,0
DA:97,0
DA:102,0
DA:105,0
DA:119,0
DA:122,0
DA:124,0
DA:131,0
DA:135,0
DA:137,0
DA:142,0
DA:143,0
DA:146,0
DA:152,0
DA:159,0
DA:165,0
DA:168,0
DA:173,0
DA:174,0
DA:177,0
DA:178,0
DA:182,0
DA:189,0
DA:193,0
DA:195,0
DA:203,0
DA:204,0
DA:207,0
DA:208,0
DA:211,0
LF:56
LH:0
BRDA:41,0,0,0
BRDA:41,0,1,0
BRDA:41,0,2,0
BRDA:41,0,3,0
BRDA:46,1,0,0
BRDA:46,1,1,0
BRDA:142,2,0,0
BRDA:173,3,0,0
BRDA:203,4,0,0
BRDA:207,5,0,0
BRDA:207,5,1,0
BRF:11
BRH:0
end_of_record
TN:
SF:src/workers/processors/test-analyzer.processor.ts
FN:21,(anonymous_2)
FN:28,(anonymous_3)
FN:55,(anonymous_4)
FN:87,(anonymous_5)
FN:164,(anonymous_6)
FN:182,(anonymous_7)
FN:261,(anonymous_8)
FN:266,(anonymous_9)
FN:267,(anonymous_10)
FN:268,(anonymous_11)
FN:277,(anonymous_12)
FN:290,(anonymous_13)
FN:331,(anonymous_14)
FNF:13
FNH:0
FNDA:0,(anonymous_2)
FNDA:0,(anonymous_3)
FNDA:0,(anonymous_4)
FNDA:0,(anonymous_5)
FNDA:0,(anonymous_6)
FNDA:0,(anonymous_7)
FNDA:0,(anonymous_8)
FNDA:0,(anonymous_9)
FNDA:0,(anonymous_10)
FNDA:0,(anonymous_11)
FNDA:0,(anonymous_12)
FNDA:0,(anonymous_13)
FNDA:0,(anonymous_14)
DA:1,0
DA:2,0
DA:4,0
DA:5,0
DA:18,0
DA:19,0
DA:21,0
DA:28,0
DA:34,0
DA:35,0
DA:37,0
DA:39,0
DA:42,0
DA:47,0
DA:48,0
DA:52,0
DA:55,0
DA:56,0
DA:57,0
DA:62,0
DA:63,0
DA:64,0
DA:65,0
DA:71,0
DA:77,0
DA:78,0
DA:87,0
DA:88,0
DA:89,0
DA:91,0
DA:93,0
DA:103,0
DA:114,0
DA:129,0
DA:130,0
DA:131,0
DA:134,0
DA:135,0
DA:138,0
DA:139,0
DA:149,0
DA:150,0
DA:151,0
DA:152,0
DA:156,0
DA:164,0
DA:166,0
DA:168,0
DA:173,0
DA:174,0
DA:182,0
DA:186,0
DA:187,0
DA:189,0
DA:190,0
DA:192,0
DA:194,0
DA:198,0
DA:201,0
DA:202,0
DA:216,0
DA:217,0
DA:231,0
DA:232,0
DA:246,0
DA:248,0
DA:253,0
DA:254,0
DA:262,0
DA:264,0
DA:266,0
DA:267,0
DA:268,0
DA:278,0
DA:297,0
DA:302,0
DA:303,0
DA:337,0
DA:338,0
DA:339,0
LF:80
LH:0
BRDA:42,0,0,0
BRDA:42,0,1,0
BRDA:47,1,0,0
BRDA:55,2,0,0
BRDA:55,2,1,0
BRDA:56,3,0,0
BRDA:62,4,0,0
BRDA:64,5,0,0
BRDA:134,6,0,0
BRDA:134,6,1,0
BRDA:138,7,0,0
BRDA:143,8,0,0
BRDA:143,8,1,0
BRDA:150,9,0,0
BRDA:150,9,1,0
BRDA:151,10,0,0
BRDA:151,10,1,0
BRDA:152,11,0,0
BRDA:158,12,0,0
BRDA:158,12,1,0
BRDA:198,13,0,0
BRDA:201,14,0,0
BRDA:216,15,0,0
BRDA:216,16,0,0
BRDA:216,16,1,0
BRDA:231,17,0,0
BRDA:231,18,0,0
BRDA:231,18,1,0
BRDA:262,19,0,0
BRDA:262,19,1,0
BRDA:269,20,0,0
BRDA:269,20,1,0
BRDA:279,21,0,0
BRDA:279,21,1,0
BRDA:280,22,0,0
BRDA:280,22,1,0
BRDA:281,23,0,0
BRDA:281,23,1,0
BRDA:282,24,0,0
BRDA:282,24,1,0
BRDA:283,25,0,0
BRDA:283,25,1,0
BRDA:302,26,0,0
BRDA:302,26,1,0
BRDA:314,27,0,0
BRDA:314,27,1,0
BRDA:338,28,0,0
BRDA:338,28,1,0
BRF:48
BRH:0
end_of_record
TN:
SF:src/workflow-runs/workflow-runs.controller.ts
FN:29,(anonymous_4)
FN:39,(anonymous_5)
FN:57,(anonymous_6)
FN:78,(anonymous_7)
FN:91,(anonymous_8)
FN:105,(anonymous_9)
FN:116,(anonymous_10)
FN:127,(anonymous_11)
FN:138,(anonymous_12)
FN:150,(anonymous_13)
FN:162,(anonymous_14)
FNF:11
FNH:0
FNDA:0,(anonymous_4)
FNDA:0,(anonymous_5)
FNDA:0,(anonymous_6)
FNDA:0,(anonymous_7)
FNDA:0,(anonymous_8)
FNDA:0,(anonymous_9)
FNDA:0,(anonymous_10)
FNDA:0,(anonymous_11)
FNDA:0,(anonymous_12)
FNDA:0,(anonymous_13)
FNDA:0,(anonymous_14)
DA:1,0
DA:14,0
DA:15,0
DA:16,0
DA:22,0
DA:28,0
DA:29,0
DA:39,0
DA:43,0
DA:57,0
DA:64,0
DA:78,0
DA:79,0
DA:91,0
DA:95,0
DA:105,0
DA:106,0
DA:116,0
DA:117,0
DA:127,0
DA:128,0
DA:138,0
DA:139,0
DA:150,0
DA:154,0
DA:162,0
DA:163,0
LF:27
LH:0
BRF:0
BRH:0
end_of_record
TN:
SF:src/workflow-runs/workflow-runs.module.ts
FNF:0
FNH:0
DA:1,0
DA:2,0
DA:3,0
DA:4,0
DA:5,0
DA:13,0
LF:6
LH:0
BRF:0
BRH:0
end_of_record
TN:
SF:src/workflow-runs/workflow-runs.service.ts
FN:14,(anonymous_2)
FN:19,(anonymous_3)
FN:79,(anonymous_4)
FN:141,(anonymous_5)
FN:144,(anonymous_6)
FN:191,(anonymous_7)
FN:242,(anonymous_8)
FN:274,(anonymous_9)
FN:319,(anonymous_10)
FN:320,(anonymous_11)
FN:346,(anonymous_12)
FN:380,(anonymous_13)
FN:391,(anonymous_14)
FN:407,(anonymous_15)
FN:419,(anonymous_16)
FN:480,(anonymous_17)
FN:485,(anonymous_18)
FN:511,(anonymous_19)
FN:537,(anonymous_20)
FNF:19
FNH:0
FNDA:0,(anonymous_2)
FNDA:0,(anonymous_3)
FNDA:0,(anonymous_4)
FNDA:0,(anonymous_5)
FNDA:0,(anonymous_6)
FNDA:0,(anonymous_7)
FNDA:0,(anonymous_8)
FNDA:0,(anonymous_9)
FNDA:0,(anonymous_10)
FNDA:0,(anonymous_11)
FNDA:0,(anonymous_12)
FNDA:0,(anonymous_13)
FNDA:0,(anonymous_14)
FNDA:0,(anonymous_15)
FNDA:0,(anonymous_16)
FNDA:0,(anonymous_17)
FNDA:0,(anonymous_18)
FNDA:0,(anonymous_19)
FNDA:0,(anonymous_20)
DA:1,0
DA:2,0
DA:3,0
DA:4,0
DA:13,0
DA:15,0
DA:16,0
DA:24,0
DA:31,0
DA:32,0
DA:36,0
DA:76,0
DA:88,0
DA:90,0
DA:91,0
DA:94,0
DA:95,0
DA:98,0
DA:99,0
DA:102,0
DA:141,0
DA:145,0
DA:184,0
DA:185,0
DA:188,0
DA:195,0
DA:199,0
DA:200,0
DA:203,0
DA:239,0
DA:243,0
DA:252,0
DA:253,0
DA:257,0
DA:258,0
DA:266,0
DA:275,0
DA:312,0
DA:313,0
DA:317,0
DA:319,0
DA:320,0
DA:329,0
DA:344,0
DA:346,0
DA:381,0
DA:382,0
DA:384,0
DA:392,0
DA:393,0
DA:394,0
DA:400,0
DA:408,0
DA:409,0
DA:411,0
DA:421,0
DA:468,0
DA:469,0
DA:473,0
DA:479,0
DA:480,0
DA:484,0
DA:485,0
DA:489,0
DA:492,0
DA:493,0
DA:495,0
DA:512,0
DA:537,0
LF:69
LH:0
BRDA:31,0,0,0
BRDA:43,1,0,0
BRDA:43,1,1,0
BRDA:54,2,0,0
BRDA:54,2,1,0
BRDA:81,3,0,0
BRDA:90,4,0,0
BRDA:94,5,0,0
BRDA:98,6,0,0
BRDA:105,7,0,0
BRDA:105,7,1,0
BRDA:114,8,0,0
BRDA:114,8,1,0
BRDA:123,9,0,0
BRDA:123,9,1,0
BRDA:144,10,0,0
BRDA:148,11,0,0
BRDA:148,11,1,0
BRDA:157,12,0,0
BRDA:157,12,1,0
BRDA:166,13,0,0
BRDA:166,13,1,0
BRDA:184,14,0,0
BRDA:199,15,0,0
BRDA:206,16,0,0
BRDA:206,16,1,0
BRDA:252,17,0,0
BRDA:257,18,0,0
BRDA:312,19,0,0
BRDA:330,20,0,0
BRDA:330,20,1,0
BRDA:330,21,0,0
BRDA:330,21,1,0
BRDA:333,22,0,0
BRDA:333,22,1,0
BRDA:333,23,0,0
BRDA:333,23,1,0
BRDA:336,24,0,0
BRDA:336,24,1,0
BRDA:336,25,0,0
BRDA:336,25,1,0
BRDA:339,26,0,0
BRDA:339,26,1,0
BRDA:339,27,0,0
BRDA:339,27,1,0
BRDA:468,28,0,0
BRDA:489,29,0,0
BRDA:489,29,1,0
BRDA:492,30,0,0
BRDA:492,30,1,0
BRDA:492,30,2,0
BRDA:493,31,0,0
BRDA:493,31,1,0
BRDA:493,31,2,0
BRDA:500,32,0,0
BRDA:500,32,1,0
BRDA:518,33,0,0
BRDA:518,33,1,0
BRDA:533,34,0,0
BRDA:533,34,1,0
BRDA:533,34,2,0
BRDA:534,35,0,0
BRDA:534,35,1,0
BRDA:534,35,2,0
BRDA:541,36,0,0
BRDA:541,36,1,0
BRF:66
BRH:0
end_of_record
TN:
SF:src/workflow-runs/dto/create-workflow-run.dto.ts
FN:6,(anonymous_2)
FNF:1
FNH:0
FNDA:0,(anonymous_2)
DA:1,0
DA:2,0
DA:3,0
DA:6,0
DA:8,0
DA:11,0
DA:16,0
DA:21,0
DA:25,0
DA:30,0
DA:35,0
DA:40,0
DA:45,0
DA:50,0
DA:55,0
DA:60,0
DA:65,0
DA:70,0
DA:75,0
DA:80,0
DA:85,0
DA:90,0
DA:95,0
LF:23
LH:0
BRF:0
BRH:0
end_of_record
TN:
SF:src/workflow-runs/dto/update-workflow-run.dto.ts
FNF:0
FNH:0
DA:1,0
DA:2,0
DA:4,0
LF:3
LH:0
BRF:0
BRH:0
end_of_record
TN:
SF:src/workflow-runs/dto/workflow-run-response.dto.ts
FNF:0
FNH:0
DA:1,0
DA:2,0
DA:4,0
DA:6,0
DA:9,0
DA:12,0
DA:15,0
DA:18,0
DA:21,0
DA:24,0
DA:27,0
DA:30,0
DA:33,0
DA:36,0
DA:39,0
DA:42,0
DA:45,0
DA:48,0
DA:51,0
DA:54,0
DA:57,0
DA:60,0
DA:63,0
DA:66,0
DA:69,0
DA:73,0
DA:80,0
DA:87,0
DA:90,0
DA:92,0
DA:95,0
DA:98,0
DA:101,0
DA:104,0
DA:107,0
DA:110,0
DA:113,0
DA:116,0
DA:119,0
LF:39
LH:0
BRF:0
BRH:0
end_of_record
TN:
SF:src/workflows/workflows.controller.ts
FN:34,(anonymous_4)
FN:44,(anonymous_5)
FN:57,(anonymous_6)
FN:85,(anonymous_7)
FN:96,(anonymous_8)
FN:109,(anonymous_9)
FN:117,(anonymous_10)
FN:125,(anonymous_11)
FN:136,(anonymous_12)
FN:150,(anonymous_13)
FN:161,(anonymous_14)
FN:170,(anonymous_15)
FNF:12
FNH:0
FNDA:0,(anonymous_4)
FNDA:0,(anonymous_5)
FNDA:0,(anonymous_6)
FNDA:0,(anonymous_7)
FNDA:0,(anonymous_8)
FNDA:0,(anonymous_9)
FNDA:0,(anonymous_10)
FNDA:0,(anonymous_11)
FNDA:0,(anonymous_12)
FNDA:0,(anonymous_13)
FNDA:0,(anonymous_14)
FNDA:0,(anonymous_15)
DA:1,0
DA:15,0
DA:16,0
DA:17,0
DA:18,0
DA:19,0
DA:27,0
DA:33,0
DA:35,0
DA:36,0
DA:44,0
DA:48,0
DA:57,0
DA:63,0
DA:65,0
DA:66,0
DA:69,0
DA:70,0
DA:73,0
DA:74,0
DA:77,0
DA:85,0
DA:89,0
DA:96,0
DA:100,0
DA:109,0
DA:110,0
DA:117,0
DA:118,0
DA:125,0
DA:126,0
DA:136,0
DA:142,0
DA:143,0
DA:150,0
DA:154,0
DA:161,0
DA:164,0
DA:170,0
DA:173,0
DA:174,0
LF:41
LH:0
BRDA:65,0,0,0
BRDA:69,1,0,0
BRDA:73,2,0,0
BRDA:142,3,0,0
BRDA:142,3,1,0
BRDA:174,4,0,0
BRDA:174,4,1,0
BRF:7
BRH:0
end_of_record
TN:
SF:src/workflows/workflows.module.ts
FNF:0
FNH:0
DA:1,0
DA:2,0
DA:3,0
DA:4,0
DA:5,0
DA:13,0
LF:6
LH:0
BRF:0
BRH:0
end_of_record
TN:
SF:src/workflows/workflows.service.spec.ts
FN:7,(anonymous_0)
FN:87,(anonymous_1)
FN:99,(anonymous_2)
FN:103,(anonymous_3)
FN:116,(anonymous_4)
FN:134,(anonymous_5)
FN:143,(anonymous_6)
FN:153,(anonymous_7)
FN:166,(anonymous_8)
FN:189,(anonymous_9)
FN:190,(anonymous_10)
FN:205,(anonymous_11)
FN:218,(anonymous_12)
FN:234,(anonymous_13)
FN:253,(anonymous_14)
FN:271,(anonymous_15)
FN:288,(anonymous_16)
FN:297,(anonymous_17)
FN:298,(anonymous_18)
FN:314,(anonymous_19)
FN:331,(anonymous_20)
FN:348,(anonymous_21)
FN:355,(anonymous_22)
FN:362,(anonymous_23)
FN:381,(anonymous_24)
FN:390,(anonymous_25)
FN:407,(anonymous_26)
FN:424,(anonymous_27)
FN:425,(anonymous_28)
FN:440,(anonymous_29)
FN:451,(anonymous_30)
FN:462,(anonymous_31)
FN:470,(anonymous_32)
FN:471,(anonymous_33)
FN:488,(anonymous_34)
FN:495,(anonymous_35)
FN:496,(anonymous_36)
FN:516,(anonymous_37)
FN:523,(anonymous_38)
FN:524,(anonymous_39)
FN:538,(anonymous_40)
FN:569,(anonymous_41)
FN:594,(anonymous_42)
FN:595,(anonymous_43)
FN:608,(anonymous_44)
FNF:45
FNH:0
FNDA:0,(anonymous_0)
FNDA:0,(anonymous_1)
FNDA:0,(anonymous_2)
FNDA:0,(anonymous_3)
FNDA:0,(anonymous_4)
FNDA:0,(anonymous_5)
FNDA:0,(anonymous_6)
FNDA:0,(anonymous_7)
FNDA:0,(anonymous_8)
FNDA:0,(anonymous_9)
FNDA:0,(anonymous_10)
FNDA:0,(anonymous_11)
FNDA:0,(anonymous_12)
FNDA:0,(anonymous_13)
FNDA:0,(anonymous_14)
FNDA:0,(anonymous_15)
FNDA:0,(anonymous_16)
FNDA:0,(anonymous_17)
FNDA:0,(anonymous_18)
FNDA:0,(anonymous_19)
FNDA:0,(anonymous_20)
FNDA:0,(anonymous_21)
FNDA:0,(anonymous_22)
FNDA:0,(anonymous_23)
FNDA:0,(anonymous_24)
FNDA:0,(anonymous_25)
FNDA:0,(anonymous_26)
FNDA:0,(anonymous_27)
FNDA:0,(anonymous_28)
FNDA:0,(anonymous_29)
FNDA:0,(anonymous_30)
FNDA:0,(anonymous_31)
FNDA:0,(anonymous_32)
FNDA:0,(anonymous_33)
FNDA:0,(anonymous_34)
FNDA:0,(anonymous_35)
FNDA:0,(anonymous_36)
FNDA:0,(anonymous_37)
FNDA:0,(anonymous_38)
FNDA:0,(anonymous_39)
FNDA:0,(anonymous_40)
FNDA:0,(anonymous_41)
FNDA:0,(anonymous_42)
FNDA:0,(anonymous_43)
FNDA:0,(anonymous_44)
DA:1,0
DA:2,0
DA:3,0
DA:5,0
DA:7,0
DA:11,0
DA:18,0
DA:27,0
DA:32,0
DA:49,0
DA:57,0
DA:65,0
DA:87,0
DA:88,0
DA:95,0
DA:96,0
DA:99,0
DA:100,0
DA:103,0
DA:104,0
DA:116,0
DA:117,0
DA:118,0
DA:119,0
DA:121,0
DA:123,0
DA:124,0
DA:125,0
DA:126,0
DA:129,0
DA:134,0
DA:135,0
DA:137,0
DA:140,0
DA:143,0
DA:144,0
DA:145,0
DA:147,0
DA:150,0
DA:153,0
DA:154,0
DA:155,0
DA:160,0
DA:163,0
DA:166,0
DA:167,0
DA:173,0
DA:174,0
DA:175,0
DA:177,0
DA:179,0
DA:189,0
DA:190,0
DA:191,0
DA:192,0
DA:194,0
DA:196,0
DA:197,0
DA:198,0
DA:205,0
DA:206,0
DA:207,0
DA:209,0
DA:211,0
DA:218,0
DA:219,0
DA:220,0
DA:222,0
DA:224,0
DA:234,0
DA:235,0
DA:236,0
DA:238,0
DA:240,0
DA:253,0
DA:254,0
DA:255,0
DA:257,0
DA:259,0
DA:268,0
DA:271,0
DA:272,0
DA:280,0
DA:282,0
DA:284,0
DA:285,0
DA:288,0
DA:289,0
DA:291,0
DA:293,0
DA:297,0
DA:298,0
DA:299,0
DA:301,0
DA:303,0
DA:304,0
DA:305,0
DA:314,0
DA:315,0
DA:316,0
DA:321,0
DA:323,0
DA:324,0
DA:325,0
DA:326,0
DA:327,0
DA:328,0
DA:331,0
DA:332,0
DA:337,0
DA:339,0
DA:340,0
DA:341,0
DA:342,0
DA:348,0
DA:349,0
DA:351,0
DA:355,0
DA:356,0
DA:362,0
DA:363,0
DA:364,0
DA:369,0
DA:371,0
DA:372,0
DA:373,0
DA:374,0
DA:381,0
DA:382,0
DA:384,0
DA:387,0
DA:390,0
DA:391,0
DA:393,0
DA:394,0
DA:398,0
DA:400,0
DA:402,0
DA:407,0
DA:408,0
DA:410,0
DA:411,0
DA:417,0
DA:420,0
DA:424,0
DA:425,0
DA:426,0
DA:431,0
DA:433,0
DA:435,0
DA:440,0
DA:441,0
DA:447,0
DA:448,0
DA:451,0
DA:452,0
DA:458,0
DA:459,0
DA:462,0
DA:463,0
DA:465,0
DA:466,0
DA:470,0
DA:471,0
DA:472,0
DA:473,0
DA:478,0
DA:480,0
DA:481,0
DA:488,0
DA:489,0
DA:491,0
DA:495,0
DA:496,0
DA:497,0
DA:501,0
DA:506,0
DA:508,0
DA:509,0
DA:516,0
DA:517,0
DA:519,0
DA:523,0
DA:524,0
DA:525,0
DA:526,0
DA:528,0
DA:530,0
DA:538,0
DA:539,0
DA:540,0
DA:561,0
DA:563,0
DA:564,0
DA:565,0
DA:566,0
DA:569,0
DA:570,0
DA:571,0
DA:586,0
DA:588,0
DA:589,0
DA:590,0
DA:594,0
DA:595,0
DA:596,0
DA:598,0
DA:600,0
DA:601,0
DA:602,0
DA:603,0
DA:604,0
DA:605,0
DA:608,0
DA:609,0
DA:614,0
DA:616,0
LF:217
LH:0
BRF:0
BRH:0
end_of_record
TN:
SF:src/workflows/workflows.service.ts
FN:7,(anonymous_2)
FN:9,(anonymous_3)
FN:46,(anonymous_4)
FN:81,(anonymous_5)
FN:104,(anonymous_6)
FN:107,(anonymous_7)
FN:139,(anonymous_8)
FN:177,(anonymous_9)
FN:209,(anonymous_10)
FN:228,(anonymous_11)
FN:247,(anonymous_12)
FN:261,(anonymous_13)
FN:262,(anonymous_14)
FN:263,(anonymous_15)
FN:273,(anonymous_16)
FNF:15
FNH:0
FNDA:0,(anonymous_2)
FNDA:0,(anonymous_3)
FNDA:0,(anonymous_4)
FNDA:0,(anonymous_5)
FNDA:0,(anonymous_6)
FNDA:0,(anonymous_7)
FNDA:0,(anonymous_8)
FNDA:0,(anonymous_9)
FNDA:0,(anonymous_10)
FNDA:0,(anonymous_11)
FNDA:0,(anonymous_12)
FNDA:0,(anonymous_13)
FNDA:0,(anonymous_14)
FNDA:0,(anonymous_15)
FNDA:0,(anonymous_16)
DA:1,0
DA:2,0
DA:6,0
DA:7,0
DA:11,0
DA:15,0
DA:16,0
DA:20,0
DA:24,0
DA:25,0
DA:28,0
DA:43,0
DA:54,0
DA:56,0
DA:57,0
DA:60,0
DA:61,0
DA:64,0
DA:65,0
DA:71,0
DA:80,0
DA:82,0
DA:83,0
DA:92,0
DA:100,0
DA:104,0
DA:108,0
DA:116,0
DA:117,0
DA:120,0
DA:122,0
DA:123,0
DA:126,0
DA:127,0
DA:128,0
DA:136,0
DA:140,0
DA:144,0
DA:145,0
DA:149,0
DA:150,0
DA:154,0
DA:155,0
DA:159,0
DA:174,0
DA:178,0
DA:186,0
DA:187,0
DA:191,0
DA:192,0
DA:198,0
DA:199,0
DA:204,0
DA:210,0
DA:215,0
DA:216,0
DA:219,0
DA:225,0
DA:229,0
DA:234,0
DA:235,0
DA:238,0
DA:244,0
DA:248,0
DA:252,0
DA:253,0
DA:261,0
DA:262,0
DA:263,0
DA:265,0
DA:274,0
LF:71
LH:0
BRDA:15,0,0,0
BRDA:24,1,0,0
BRDA:24,2,0,0
BRDA:24,2,1,0
BRDA:34,3,0,0
BRDA:34,3,1,0
BRDA:36,4,0,0
BRDA:36,4,1,0
BRDA:56,5,0,0
BRDA:60,6,0,0
BRDA:64,7,0,0
BRDA:82,8,0,0
BRDA:107,9,0,0
BRDA:116,10,0,0
BRDA:122,11,0,0
BRDA:126,12,0,0
BRDA:126,13,0,0
BRDA:126,13,1,0
BRDA:144,14,0,0
BRDA:149,15,0,0
BRDA:154,16,0,0
BRDA:154,17,0,0
BRDA:154,17,1,0
BRDA:186,18,0,0
BRDA:191,19,0,0
BRDA:191,20,0,0
BRDA:191,20,1,0
BRDA:198,21,0,0
BRDA:198,22,0,0
BRDA:198,22,1,0
BRDA:215,23,0,0
BRDA:234,24,0,0
BRDA:252,25,0,0
BRDA:262,26,0,0
BRDA:262,26,1,0
BRDA:263,27,0,0
BRDA:263,27,1,0
BRDA:285,28,0,0
BRDA:285,28,1,0
BRF:39
BRH:0
end_of_record
TN:
SF:src/workflows/dto/activate-workflow.dto.ts
FNF:0
FNH:0
DA:1,0
DA:2,0
DA:4,0
DA:12,0
DA:21,0
DA:29,0
DA:32,0
DA:40,0
DA:43,0
DA:45,0
DA:48,0
DA:51,0
DA:54,0
DA:57,0
DA:60,0
DA:63,0
DA:65,0
DA:68,0
DA:71,0
DA:74,0
DA:77,0
DA:79,0
DA:82,0
DA:85,0
DA:88,0
DA:91,0
DA:94,0
DA:97,0
DA:99,0
DA:102,0
DA:105,0
DA:108,0
DA:111,0
DA:114,0
DA:117,0
LF:35
LH:0
BRF:0
BRH:0
end_of_record
TN:
SF:src/workflows/dto/create-workflow.dto.ts
FN:43,(anonymous_2)
FNF:1
FNH:0
FNDA:0,(anonymous_2)
DA:1,0
DA:2,0
DA:3,0
DA:8,0
DA:13,0
DA:18,0
DA:26,0
DA:29,0
DA:34,0
DA:38,0
DA:43,0
DA:44,0
DA:49,0
DA:54,0
LF:14
LH:0
BRF:0
BRH:0
end_of_record
TN:
SF:src/workflows/dto/update-workflow.dto.ts
FNF:0
FNH:0
DA:1,0
DA:2,0
DA:4,0
LF:3
LH:0
BRF:0
BRH:0
end_of_record
TN:
SF:src/workflows/dto/workflow-response.dto.ts
FNF:0
FNH:0
DA:1,0
DA:3,0
DA:5,0
DA:8,0
DA:11,0
DA:14,0
DA:17,0
DA:20,0
DA:23,0
DA:26,0
DA:29,0
DA:32,0
DA:35,0
DA:48,0
DA:56,0
LF:15
LH:0
BRF:0
BRH:0
end_of_record
